<?xml version="1.0" encoding="UTF-8"?>
<testsuite xmlns:xsi="http://www.w3.org/2001/XMLSchema-instance" xsi:noNamespaceSchemaLocation="https://maven.apache.org/surefire/maven-surefire-plugin/xsd/surefire-test-report.xsd" name="com.example.springmvc.SpringmvcApplicationTests" time="2.077" tests="1" errors="1" skipped="0" failures="0">
  <properties>
    <property name="sun.desktop" value="windows"/>
    <property name="awt.toolkit" value="sun.awt.windows.WToolkit"/>
    <property name="file.encoding.pkg" value="sun.io"/>
    <property name="java.specification.version" value="1.8"/>
    <property name="sun.cpu.isalist" value="amd64"/>
    <property name="sun.jnu.encoding" value="Cp1252"/>
    <property name="java.class.path" value="T:\INFORME_RETRIBUCION\RETRI\spring-mvc-thymeleaf-crud-master\pySIRET\target\test-classes;T:\INFORME_RETRIBUCION\RETRI\spring-mvc-thymeleaf-crud-master\pySIRET\target\classes;C:\Users\consultor_jti07\.m2\repository\org\springframework\boot\spring-boot-starter-data-rest\2.0.2.RELEASE\spring-boot-starter-data-rest-2.0.2.RELEASE.jar;C:\Users\consultor_jti07\.m2\repository\org\springframework\boot\spring-boot-starter\2.0.2.RELEASE\spring-boot-starter-2.0.2.RELEASE.jar;C:\Users\consultor_jti07\.m2\repository\org\springframework\boot\spring-boot-starter-logging\2.0.2.RELEASE\spring-boot-starter-logging-2.0.2.RELEASE.jar;C:\Users\consultor_jti07\.m2\repository\ch\qos\logback\logback-classic\1.2.3\logback-classic-1.2.3.jar;C:\Users\consultor_jti07\.m2\repository\ch\qos\logback\logback-core\1.2.3\logback-core-1.2.3.jar;C:\Users\consultor_jti07\.m2\repository\org\apache\logging\log4j\log4j-to-slf4j\2.10.0\log4j-to-slf4j-2.10.0.jar;C:\Users\consultor_jti07\.m2\repository\org\apache\logging\log4j\log4j-api\2.10.0\log4j-api-2.10.0.jar;C:\Users\consultor_jti07\.m2\repository\org\slf4j\jul-to-slf4j\1.7.25\jul-to-slf4j-1.7.25.jar;C:\Users\consultor_jti07\.m2\repository\javax\annotation\javax.annotation-api\1.3.2\javax.annotation-api-1.3.2.jar;C:\Users\consultor_jti07\.m2\repository\org\yaml\snakeyaml\1.19\snakeyaml-1.19.jar;C:\Users\consultor_jti07\.m2\repository\org\springframework\boot\spring-boot-starter-json\2.0.2.RELEASE\spring-boot-starter-json-2.0.2.RELEASE.jar;C:\Users\consultor_jti07\.m2\repository\com\fasterxml\jackson\datatype\jackson-datatype-jdk8\2.9.5\jackson-datatype-jdk8-2.9.5.jar;C:\Users\consultor_jti07\.m2\repository\com\fasterxml\jackson\datatype\jackson-datatype-jsr310\2.9.5\jackson-datatype-jsr310-2.9.5.jar;C:\Users\consultor_jti07\.m2\repository\com\fasterxml\jackson\module\jackson-module-parameter-names\2.9.5\jackson-module-parameter-names-2.9.5.jar;C:\Users\consultor_jti07\.m2\repository\org\springframework\data\spring-data-rest-webmvc\3.0.7.RELEASE\spring-data-rest-webmvc-3.0.7.RELEASE.jar;C:\Users\consultor_jti07\.m2\repository\org\springframework\data\spring-data-rest-core\3.0.7.RELEASE\spring-data-rest-core-3.0.7.RELEASE.jar;C:\Users\consultor_jti07\.m2\repository\org\springframework\hateoas\spring-hateoas\0.24.0.RELEASE\spring-hateoas-0.24.0.RELEASE.jar;C:\Users\consultor_jti07\.m2\repository\org\springframework\plugin\spring-plugin-core\1.2.0.RELEASE\spring-plugin-core-1.2.0.RELEASE.jar;C:\Users\consultor_jti07\.m2\repository\org\atteo\evo-inflector\1.2.2\evo-inflector-1.2.2.jar;C:\Users\consultor_jti07\.m2\repository\com\fasterxml\jackson\core\jackson-annotations\2.9.0\jackson-annotations-2.9.0.jar;C:\Users\consultor_jti07\.m2\repository\org\slf4j\slf4j-api\1.7.25\slf4j-api-1.7.25.jar;C:\Users\consultor_jti07\.m2\repository\org\springframework\boot\spring-boot-starter-data-jpa\2.0.2.RELEASE\spring-boot-starter-data-jpa-2.0.2.RELEASE.jar;C:\Users\consultor_jti07\.m2\repository\org\springframework\boot\spring-boot-starter-aop\2.0.2.RELEASE\spring-boot-starter-aop-2.0.2.RELEASE.jar;C:\Users\consultor_jti07\.m2\repository\org\aspectj\aspectjweaver\1.8.13\aspectjweaver-1.8.13.jar;C:\Users\consultor_jti07\.m2\repository\org\springframework\boot\spring-boot-starter-jdbc\2.0.2.RELEASE\spring-boot-starter-jdbc-2.0.2.RELEASE.jar;C:\Users\consultor_jti07\.m2\repository\com\zaxxer\HikariCP\2.7.9\HikariCP-2.7.9.jar;C:\Users\consultor_jti07\.m2\repository\org\springframework\spring-jdbc\5.0.6.RELEASE\spring-jdbc-5.0.6.RELEASE.jar;C:\Users\consultor_jti07\.m2\repository\org\hibernate\hibernate-core\5.2.17.Final\hibernate-core-5.2.17.Final.jar;C:\Users\consultor_jti07\.m2\repository\org\jboss\logging\jboss-logging\3.3.2.Final\jboss-logging-3.3.2.Final.jar;C:\Users\consultor_jti07\.m2\repository\org\hibernate\javax\persistence\hibernate-jpa-2.1-api\1.0.0.Final\hibernate-jpa-2.1-api-1.0.0.Final.jar;C:\Users\consultor_jti07\.m2\repository\org\javassist\javassist\3.22.0-GA\javassist-3.22.0-GA.jar;C:\Users\consultor_jti07\.m2\repository\antlr\antlr\2.7.7\antlr-2.7.7.jar;C:\Users\consultor_jti07\.m2\repository\org\jboss\jandex\2.0.3.Final\jandex-2.0.3.Final.jar;C:\Users\consultor_jti07\.m2\repository\com\fasterxml\classmate\1.3.4\classmate-1.3.4.jar;C:\Users\consultor_jti07\.m2\repository\dom4j\dom4j\1.6.1\dom4j-1.6.1.jar;C:\Users\consultor_jti07\.m2\repository\org\hibernate\common\hibernate-commons-annotations\5.0.1.Final\hibernate-commons-annotations-5.0.1.Final.jar;C:\Users\consultor_jti07\.m2\repository\javax\transaction\javax.transaction-api\1.2\javax.transaction-api-1.2.jar;C:\Users\consultor_jti07\.m2\repository\org\springframework\data\spring-data-jpa\2.0.7.RELEASE\spring-data-jpa-2.0.7.RELEASE.jar;C:\Users\consultor_jti07\.m2\repository\org\springframework\data\spring-data-commons\2.0.7.RELEASE\spring-data-commons-2.0.7.RELEASE.jar;C:\Users\consultor_jti07\.m2\repository\org\springframework\spring-orm\5.0.6.RELEASE\spring-orm-5.0.6.RELEASE.jar;C:\Users\consultor_jti07\.m2\repository\org\springframework\spring-tx\5.0.6.RELEASE\spring-tx-5.0.6.RELEASE.jar;C:\Users\consultor_jti07\.m2\repository\org\springframework\spring-aspects\5.0.6.RELEASE\spring-aspects-5.0.6.RELEASE.jar;C:\Users\consultor_jti07\.m2\repository\org\springframework\boot\spring-boot-starter-thymeleaf\2.0.2.RELEASE\spring-boot-starter-thymeleaf-2.0.2.RELEASE.jar;C:\Users\consultor_jti07\.m2\repository\org\thymeleaf\thymeleaf-spring5\3.0.9.RELEASE\thymeleaf-spring5-3.0.9.RELEASE.jar;C:\Users\consultor_jti07\.m2\repository\org\thymeleaf\thymeleaf\3.0.9.RELEASE\thymeleaf-3.0.9.RELEASE.jar;C:\Users\consultor_jti07\.m2\repository\org\attoparser\attoparser\2.0.4.RELEASE\attoparser-2.0.4.RELEASE.jar;C:\Users\consultor_jti07\.m2\repository\org\unbescape\unbescape\1.1.5.RELEASE\unbescape-1.1.5.RELEASE.jar;C:\Users\consultor_jti07\.m2\repository\org\thymeleaf\extras\thymeleaf-extras-java8time\3.0.1.RELEASE\thymeleaf-extras-java8time-3.0.1.RELEASE.jar;C:\Users\consultor_jti07\.m2\repository\org\springframework\boot\spring-boot-starter-web\2.0.2.RELEASE\spring-boot-starter-web-2.0.2.RELEASE.jar;C:\Users\consultor_jti07\.m2\repository\org\springframework\boot\spring-boot-starter-tomcat\2.0.2.RELEASE\spring-boot-starter-tomcat-2.0.2.RELEASE.jar;C:\Users\consultor_jti07\.m2\repository\org\apache\tomcat\embed\tomcat-embed-core\8.5.31\tomcat-embed-core-8.5.31.jar;C:\Users\consultor_jti07\.m2\repository\org\apache\tomcat\embed\tomcat-embed-el\8.5.31\tomcat-embed-el-8.5.31.jar;C:\Users\consultor_jti07\.m2\repository\org\apache\tomcat\embed\tomcat-embed-websocket\8.5.31\tomcat-embed-websocket-8.5.31.jar;C:\Users\consultor_jti07\.m2\repository\org\hibernate\validator\hibernate-validator\6.0.9.Final\hibernate-validator-6.0.9.Final.jar;C:\Users\consultor_jti07\.m2\repository\javax\validation\validation-api\2.0.1.Final\validation-api-2.0.1.Final.jar;C:\Users\consultor_jti07\.m2\repository\org\springframework\spring-web\5.0.6.RELEASE\spring-web-5.0.6.RELEASE.jar;C:\Users\consultor_jti07\.m2\repository\org\springframework\spring-webmvc\5.0.6.RELEASE\spring-webmvc-5.0.6.RELEASE.jar;C:\Users\consultor_jti07\.m2\repository\org\springframework\spring-aop\5.0.6.RELEASE\spring-aop-5.0.6.RELEASE.jar;C:\Users\consultor_jti07\.m2\repository\org\springframework\spring-beans\5.0.6.RELEASE\spring-beans-5.0.6.RELEASE.jar;C:\Users\consultor_jti07\.m2\repository\org\springframework\spring-context\5.0.6.RELEASE\spring-context-5.0.6.RELEASE.jar;C:\Users\consultor_jti07\.m2\repository\org\springframework\spring-core\5.0.6.RELEASE\spring-core-5.0.6.RELEASE.jar;C:\Users\consultor_jti07\.m2\repository\org\springframework\spring-jcl\5.0.6.RELEASE\spring-jcl-5.0.6.RELEASE.jar;C:\Users\consultor_jti07\.m2\repository\org\springframework\spring-expression\5.0.6.RELEASE\spring-expression-5.0.6.RELEASE.jar;C:\Users\consultor_jti07\.m2\repository\org\projectlombok\lombok\1.18.0\lombok-1.18.0.jar;C:\Users\consultor_jti07\.m2\repository\net\sourceforge\nekohtml\nekohtml\1.9.22\nekohtml-1.9.22.jar;C:\Users\consultor_jti07\.m2\repository\xerces\xercesImpl\2.11.0\xercesImpl-2.11.0.jar;C:\Users\consultor_jti07\.m2\repository\xml-apis\xml-apis\1.4.01\xml-apis-1.4.01.jar;C:\Users\consultor_jti07\.m2\repository\org\springframework\boot\spring-boot-starter-mail\2.0.2.RELEASE\spring-boot-starter-mail-2.0.2.RELEASE.jar;C:\Users\consultor_jti07\.m2\repository\org\springframework\spring-context-support\5.0.6.RELEASE\spring-context-support-5.0.6.RELEASE.jar;C:\Users\consultor_jti07\.m2\repository\com\sun\mail\javax.mail\1.6.1\javax.mail-1.6.1.jar;C:\Users\consultor_jti07\.m2\repository\javax\activation\activation\1.1\activation-1.1.jar;C:\Users\consultor_jti07\.m2\repository\org\springframework\boot\spring-boot-starter-test\2.0.2.RELEASE\spring-boot-starter-test-2.0.2.RELEASE.jar;C:\Users\consultor_jti07\.m2\repository\org\springframework\boot\spring-boot-test\2.0.2.RELEASE\spring-boot-test-2.0.2.RELEASE.jar;C:\Users\consultor_jti07\.m2\repository\org\springframework\boot\spring-boot-test-autoconfigure\2.0.2.RELEASE\spring-boot-test-autoconfigure-2.0.2.RELEASE.jar;C:\Users\consultor_jti07\.m2\repository\com\jayway\jsonpath\json-path\2.4.0\json-path-2.4.0.jar;C:\Users\consultor_jti07\.m2\repository\net\minidev\json-smart\2.3\json-smart-2.3.jar;C:\Users\consultor_jti07\.m2\repository\net\minidev\accessors-smart\1.2\accessors-smart-1.2.jar;C:\Users\consultor_jti07\.m2\repository\org\ow2\asm\asm\5.0.4\asm-5.0.4.jar;C:\Users\consultor_jti07\.m2\repository\junit\junit\4.12\junit-4.12.jar;C:\Users\consultor_jti07\.m2\repository\org\assertj\assertj-core\3.9.1\assertj-core-3.9.1.jar;C:\Users\consultor_jti07\.m2\repository\org\mockito\mockito-core\2.15.0\mockito-core-2.15.0.jar;C:\Users\consultor_jti07\.m2\repository\net\bytebuddy\byte-buddy\1.7.11\byte-buddy-1.7.11.jar;C:\Users\consultor_jti07\.m2\repository\net\bytebuddy\byte-buddy-agent\1.7.11\byte-buddy-agent-1.7.11.jar;C:\Users\consultor_jti07\.m2\repository\org\objenesis\objenesis\2.6\objenesis-2.6.jar;C:\Users\consultor_jti07\.m2\repository\org\hamcrest\hamcrest-core\1.3\hamcrest-core-1.3.jar;C:\Users\consultor_jti07\.m2\repository\org\hamcrest\hamcrest-library\1.3\hamcrest-library-1.3.jar;C:\Users\consultor_jti07\.m2\repository\org\skyscreamer\jsonassert\1.5.0\jsonassert-1.5.0.jar;C:\Users\consultor_jti07\.m2\repository\com\vaadin\external\google\android-json\0.0.20131108.vaadin1\android-json-0.0.20131108.vaadin1.jar;C:\Users\consultor_jti07\.m2\repository\org\springframework\spring-test\5.0.6.RELEASE\spring-test-5.0.6.RELEASE.jar;C:\Users\consultor_jti07\.m2\repository\org\xmlunit\xmlunit-core\2.5.1\xmlunit-core-2.5.1.jar;C:\Users\consultor_jti07\.m2\repository\com\nulab-inc\zxcvbn\1.2.3\zxcvbn-1.2.3.jar;C:\Users\consultor_jti07\.m2\repository\org\modelmapper\modelmapper\1.1.0\modelmapper-1.1.0.jar;C:\Users\consultor_jti07\.m2\repository\com\google\code\gson\gson\2.8.5\gson-2.8.5.jar;C:\Users\consultor_jti07\.m2\repository\com\oracle\ojdbc7\12.1.0.1.0\ojdbc7-12.1.0.1.0.jar;C:\Users\consultor_jti07\.m2\repository\org\webjars\webjars-locator\0.30\webjars-locator-0.30.jar;C:\Users\consultor_jti07\.m2\repository\org\webjars\webjars-locator-core\0.35\webjars-locator-core-0.35.jar;C:\Users\consultor_jti07\.m2\repository\org\apache\commons\commons-compress\1.9\commons-compress-1.9.jar;C:\Users\consultor_jti07\.m2\repository\com\fasterxml\jackson\core\jackson-core\2.9.5\jackson-core-2.9.5.jar;C:\Users\consultor_jti07\.m2\repository\com\fasterxml\jackson\core\jackson-databind\2.9.5\jackson-databind-2.9.5.jar;C:\Users\consultor_jti07\.m2\repository\org\apache\commons\commons-lang3\3.7\commons-lang3-3.7.jar;C:\Users\consultor_jti07\.m2\repository\org\webjars\Semantic-UI\2.4.1\Semantic-UI-2.4.1.jar;C:\Users\consultor_jti07\.m2\repository\org\webjars\bootstrap\4.3.1\bootstrap-4.3.1.jar;C:\Users\consultor_jti07\.m2\repository\org\webjars\popper.js\1.14.3\popper.js-1.14.3.jar;C:\Users\consultor_jti07\.m2\repository\org\webjars\jquery\3.4.0\jquery-3.4.0.jar;C:\Users\consultor_jti07\.m2\repository\org\webjars\jquery-ui\1.9.2\jquery-ui-1.9.2.jar;C:\Users\consultor_jti07\.m2\repository\org\jsoup\jsoup\1.8.3\jsoup-1.8.3.jar;C:\Users\consultor_jti07\.m2\repository\com\h2database\h2\1.4.197\h2-1.4.197.jar;C:\Users\consultor_jti07\.m2\repository\org\xhtmlrenderer\flying-saucer-pdf-itext5\9.0.1\flying-saucer-pdf-itext5-9.0.1.jar;C:\Users\consultor_jti07\.m2\repository\com\itextpdf\itextpdf\5.3.0\itextpdf-5.3.0.jar;C:\Users\consultor_jti07\.m2\repository\org\xhtmlrenderer\flying-saucer-core\9.0.1\flying-saucer-core-9.0.1.jar;C:\Users\consultor_jti07\.m2\repository\commons-fileupload\commons-fileupload\1.2\commons-fileupload-1.2.jar;C:\Users\consultor_jti07\.m2\repository\org\json\json\20190722\json-20190722.jar;C:\Users\consultor_jti07\.m2\repository\org\xhtmlrenderer\flying-saucer-pdf\9.1.4\flying-saucer-pdf-9.1.4.jar;C:\Users\consultor_jti07\.m2\repository\com\lowagie\itext\2.1.7\itext-2.1.7.jar;C:\Users\consultor_jti07\.m2\repository\org\bouncycastle\bcmail-jdk14\1.38\bcmail-jdk14-1.38.jar;C:\Users\consultor_jti07\.m2\repository\org\bouncycastle\bctsp-jdk14\1.38\bctsp-jdk14-1.38.jar;C:\Users\consultor_jti07\.m2\repository\org\bouncycastle\bcprov-jdk14\1.38\bcprov-jdk14-1.38.jar;C:\Users\consultor_jti07\.m2\repository\org\springframework\boot\spring-boot-devtools\2.0.2.RELEASE\spring-boot-devtools-2.0.2.RELEASE.jar;C:\Users\consultor_jti07\.m2\repository\org\springframework\boot\spring-boot\2.0.2.RELEASE\spring-boot-2.0.2.RELEASE.jar;C:\Users\consultor_jti07\.m2\repository\org\springframework\boot\spring-boot-autoconfigure\2.0.2.RELEASE\spring-boot-autoconfigure-2.0.2.RELEASE.jar;C:\Users\consultor_jti07\.m2\repository\org\mybatis\spring\boot\mybatis-spring-boot-starter\2.1.1\mybatis-spring-boot-starter-2.1.1.jar;C:\Users\consultor_jti07\.m2\repository\org\mybatis\spring\boot\mybatis-spring-boot-autoconfigure\2.1.1\mybatis-spring-boot-autoconfigure-2.1.1.jar;C:\Users\consultor_jti07\.m2\repository\org\mybatis\mybatis\3.5.3\mybatis-3.5.3.jar;C:\Users\consultor_jti07\.m2\repository\org\mybatis\mybatis-spring\2.0.2\mybatis-spring-2.0.2.jar;C:\Users\consultor_jti07\.m2\repository\commons-codec\commons-codec\1.11\commons-codec-1.11.jar;C:\Users\consultor_jti07\.m2\repository\commons-pool\commons-pool\1.6\commons-pool-1.6.jar;"/>
    <property name="java.vm.vendor" value="Oracle Corporation"/>
    <property name="sun.arch.data.model" value="64"/>
    <property name="user.variant" value=""/>
    <property name="java.vendor.url" value="http://java.oracle.com/"/>
    <property name="user.timezone" value="America/Bogota"/>
    <property name="java.vm.specification.version" value="1.8"/>
    <property name="os.name" value="Windows 8.1"/>
    <property name="user.country" value="419"/>
    <property name="sun.java.launcher" value="SUN_STANDARD"/>
    <property name="sun.boot.library.path" value="T:\jdk1.8.0_51\jre\bin"/>
    <property name="sun.java.command" value="C:\Users\CONSUL~1\AppData\Local\Temp\surefire5900079864766775163\surefirebooter6734637683200468356.jar C:\Users\consultor_jti07\AppData\Local\Temp\surefire5900079864766775163 2020-02-13T15-03-59_051-jvmRun1 surefire1714059257762901158tmp surefire_02466134495547901402tmp"/>
    <property name="surefire.test.class.path" value="T:\INFORME_RETRIBUCION\RETRI\spring-mvc-thymeleaf-crud-master\pySIRET\target\test-classes;T:\INFORME_RETRIBUCION\RETRI\spring-mvc-thymeleaf-crud-master\pySIRET\target\classes;C:\Users\consultor_jti07\.m2\repository\org\springframework\boot\spring-boot-starter-data-rest\2.0.2.RELEASE\spring-boot-starter-data-rest-2.0.2.RELEASE.jar;C:\Users\consultor_jti07\.m2\repository\org\springframework\boot\spring-boot-starter\2.0.2.RELEASE\spring-boot-starter-2.0.2.RELEASE.jar;C:\Users\consultor_jti07\.m2\repository\org\springframework\boot\spring-boot-starter-logging\2.0.2.RELEASE\spring-boot-starter-logging-2.0.2.RELEASE.jar;C:\Users\consultor_jti07\.m2\repository\ch\qos\logback\logback-classic\1.2.3\logback-classic-1.2.3.jar;C:\Users\consultor_jti07\.m2\repository\ch\qos\logback\logback-core\1.2.3\logback-core-1.2.3.jar;C:\Users\consultor_jti07\.m2\repository\org\apache\logging\log4j\log4j-to-slf4j\2.10.0\log4j-to-slf4j-2.10.0.jar;C:\Users\consultor_jti07\.m2\repository\org\apache\logging\log4j\log4j-api\2.10.0\log4j-api-2.10.0.jar;C:\Users\consultor_jti07\.m2\repository\org\slf4j\jul-to-slf4j\1.7.25\jul-to-slf4j-1.7.25.jar;C:\Users\consultor_jti07\.m2\repository\javax\annotation\javax.annotation-api\1.3.2\javax.annotation-api-1.3.2.jar;C:\Users\consultor_jti07\.m2\repository\org\yaml\snakeyaml\1.19\snakeyaml-1.19.jar;C:\Users\consultor_jti07\.m2\repository\org\springframework\boot\spring-boot-starter-json\2.0.2.RELEASE\spring-boot-starter-json-2.0.2.RELEASE.jar;C:\Users\consultor_jti07\.m2\repository\com\fasterxml\jackson\datatype\jackson-datatype-jdk8\2.9.5\jackson-datatype-jdk8-2.9.5.jar;C:\Users\consultor_jti07\.m2\repository\com\fasterxml\jackson\datatype\jackson-datatype-jsr310\2.9.5\jackson-datatype-jsr310-2.9.5.jar;C:\Users\consultor_jti07\.m2\repository\com\fasterxml\jackson\module\jackson-module-parameter-names\2.9.5\jackson-module-parameter-names-2.9.5.jar;C:\Users\consultor_jti07\.m2\repository\org\springframework\data\spring-data-rest-webmvc\3.0.7.RELEASE\spring-data-rest-webmvc-3.0.7.RELEASE.jar;C:\Users\consultor_jti07\.m2\repository\org\springframework\data\spring-data-rest-core\3.0.7.RELEASE\spring-data-rest-core-3.0.7.RELEASE.jar;C:\Users\consultor_jti07\.m2\repository\org\springframework\hateoas\spring-hateoas\0.24.0.RELEASE\spring-hateoas-0.24.0.RELEASE.jar;C:\Users\consultor_jti07\.m2\repository\org\springframework\plugin\spring-plugin-core\1.2.0.RELEASE\spring-plugin-core-1.2.0.RELEASE.jar;C:\Users\consultor_jti07\.m2\repository\org\atteo\evo-inflector\1.2.2\evo-inflector-1.2.2.jar;C:\Users\consultor_jti07\.m2\repository\com\fasterxml\jackson\core\jackson-annotations\2.9.0\jackson-annotations-2.9.0.jar;C:\Users\consultor_jti07\.m2\repository\org\slf4j\slf4j-api\1.7.25\slf4j-api-1.7.25.jar;C:\Users\consultor_jti07\.m2\repository\org\springframework\boot\spring-boot-starter-data-jpa\2.0.2.RELEASE\spring-boot-starter-data-jpa-2.0.2.RELEASE.jar;C:\Users\consultor_jti07\.m2\repository\org\springframework\boot\spring-boot-starter-aop\2.0.2.RELEASE\spring-boot-starter-aop-2.0.2.RELEASE.jar;C:\Users\consultor_jti07\.m2\repository\org\aspectj\aspectjweaver\1.8.13\aspectjweaver-1.8.13.jar;C:\Users\consultor_jti07\.m2\repository\org\springframework\boot\spring-boot-starter-jdbc\2.0.2.RELEASE\spring-boot-starter-jdbc-2.0.2.RELEASE.jar;C:\Users\consultor_jti07\.m2\repository\com\zaxxer\HikariCP\2.7.9\HikariCP-2.7.9.jar;C:\Users\consultor_jti07\.m2\repository\org\springframework\spring-jdbc\5.0.6.RELEASE\spring-jdbc-5.0.6.RELEASE.jar;C:\Users\consultor_jti07\.m2\repository\org\hibernate\hibernate-core\5.2.17.Final\hibernate-core-5.2.17.Final.jar;C:\Users\consultor_jti07\.m2\repository\org\jboss\logging\jboss-logging\3.3.2.Final\jboss-logging-3.3.2.Final.jar;C:\Users\consultor_jti07\.m2\repository\org\hibernate\javax\persistence\hibernate-jpa-2.1-api\1.0.0.Final\hibernate-jpa-2.1-api-1.0.0.Final.jar;C:\Users\consultor_jti07\.m2\repository\org\javassist\javassist\3.22.0-GA\javassist-3.22.0-GA.jar;C:\Users\consultor_jti07\.m2\repository\antlr\antlr\2.7.7\antlr-2.7.7.jar;C:\Users\consultor_jti07\.m2\repository\org\jboss\jandex\2.0.3.Final\jandex-2.0.3.Final.jar;C:\Users\consultor_jti07\.m2\repository\com\fasterxml\classmate\1.3.4\classmate-1.3.4.jar;C:\Users\consultor_jti07\.m2\repository\dom4j\dom4j\1.6.1\dom4j-1.6.1.jar;C:\Users\consultor_jti07\.m2\repository\org\hibernate\common\hibernate-commons-annotations\5.0.1.Final\hibernate-commons-annotations-5.0.1.Final.jar;C:\Users\consultor_jti07\.m2\repository\javax\transaction\javax.transaction-api\1.2\javax.transaction-api-1.2.jar;C:\Users\consultor_jti07\.m2\repository\org\springframework\data\spring-data-jpa\2.0.7.RELEASE\spring-data-jpa-2.0.7.RELEASE.jar;C:\Users\consultor_jti07\.m2\repository\org\springframework\data\spring-data-commons\2.0.7.RELEASE\spring-data-commons-2.0.7.RELEASE.jar;C:\Users\consultor_jti07\.m2\repository\org\springframework\spring-orm\5.0.6.RELEASE\spring-orm-5.0.6.RELEASE.jar;C:\Users\consultor_jti07\.m2\repository\org\springframework\spring-tx\5.0.6.RELEASE\spring-tx-5.0.6.RELEASE.jar;C:\Users\consultor_jti07\.m2\repository\org\springframework\spring-aspects\5.0.6.RELEASE\spring-aspects-5.0.6.RELEASE.jar;C:\Users\consultor_jti07\.m2\repository\org\springframework\boot\spring-boot-starter-thymeleaf\2.0.2.RELEASE\spring-boot-starter-thymeleaf-2.0.2.RELEASE.jar;C:\Users\consultor_jti07\.m2\repository\org\thymeleaf\thymeleaf-spring5\3.0.9.RELEASE\thymeleaf-spring5-3.0.9.RELEASE.jar;C:\Users\consultor_jti07\.m2\repository\org\thymeleaf\thymeleaf\3.0.9.RELEASE\thymeleaf-3.0.9.RELEASE.jar;C:\Users\consultor_jti07\.m2\repository\org\attoparser\attoparser\2.0.4.RELEASE\attoparser-2.0.4.RELEASE.jar;C:\Users\consultor_jti07\.m2\repository\org\unbescape\unbescape\1.1.5.RELEASE\unbescape-1.1.5.RELEASE.jar;C:\Users\consultor_jti07\.m2\repository\org\thymeleaf\extras\thymeleaf-extras-java8time\3.0.1.RELEASE\thymeleaf-extras-java8time-3.0.1.RELEASE.jar;C:\Users\consultor_jti07\.m2\repository\org\springframework\boot\spring-boot-starter-web\2.0.2.RELEASE\spring-boot-starter-web-2.0.2.RELEASE.jar;C:\Users\consultor_jti07\.m2\repository\org\springframework\boot\spring-boot-starter-tomcat\2.0.2.RELEASE\spring-boot-starter-tomcat-2.0.2.RELEASE.jar;C:\Users\consultor_jti07\.m2\repository\org\apache\tomcat\embed\tomcat-embed-core\8.5.31\tomcat-embed-core-8.5.31.jar;C:\Users\consultor_jti07\.m2\repository\org\apache\tomcat\embed\tomcat-embed-el\8.5.31\tomcat-embed-el-8.5.31.jar;C:\Users\consultor_jti07\.m2\repository\org\apache\tomcat\embed\tomcat-embed-websocket\8.5.31\tomcat-embed-websocket-8.5.31.jar;C:\Users\consultor_jti07\.m2\repository\org\hibernate\validator\hibernate-validator\6.0.9.Final\hibernate-validator-6.0.9.Final.jar;C:\Users\consultor_jti07\.m2\repository\javax\validation\validation-api\2.0.1.Final\validation-api-2.0.1.Final.jar;C:\Users\consultor_jti07\.m2\repository\org\springframework\spring-web\5.0.6.RELEASE\spring-web-5.0.6.RELEASE.jar;C:\Users\consultor_jti07\.m2\repository\org\springframework\spring-webmvc\5.0.6.RELEASE\spring-webmvc-5.0.6.RELEASE.jar;C:\Users\consultor_jti07\.m2\repository\org\springframework\spring-aop\5.0.6.RELEASE\spring-aop-5.0.6.RELEASE.jar;C:\Users\consultor_jti07\.m2\repository\org\springframework\spring-beans\5.0.6.RELEASE\spring-beans-5.0.6.RELEASE.jar;C:\Users\consultor_jti07\.m2\repository\org\springframework\spring-context\5.0.6.RELEASE\spring-context-5.0.6.RELEASE.jar;C:\Users\consultor_jti07\.m2\repository\org\springframework\spring-core\5.0.6.RELEASE\spring-core-5.0.6.RELEASE.jar;C:\Users\consultor_jti07\.m2\repository\org\springframework\spring-jcl\5.0.6.RELEASE\spring-jcl-5.0.6.RELEASE.jar;C:\Users\consultor_jti07\.m2\repository\org\springframework\spring-expression\5.0.6.RELEASE\spring-expression-5.0.6.RELEASE.jar;C:\Users\consultor_jti07\.m2\repository\org\projectlombok\lombok\1.18.0\lombok-1.18.0.jar;C:\Users\consultor_jti07\.m2\repository\net\sourceforge\nekohtml\nekohtml\1.9.22\nekohtml-1.9.22.jar;C:\Users\consultor_jti07\.m2\repository\xerces\xercesImpl\2.11.0\xercesImpl-2.11.0.jar;C:\Users\consultor_jti07\.m2\repository\xml-apis\xml-apis\1.4.01\xml-apis-1.4.01.jar;C:\Users\consultor_jti07\.m2\repository\org\springframework\boot\spring-boot-starter-mail\2.0.2.RELEASE\spring-boot-starter-mail-2.0.2.RELEASE.jar;C:\Users\consultor_jti07\.m2\repository\org\springframework\spring-context-support\5.0.6.RELEASE\spring-context-support-5.0.6.RELEASE.jar;C:\Users\consultor_jti07\.m2\repository\com\sun\mail\javax.mail\1.6.1\javax.mail-1.6.1.jar;C:\Users\consultor_jti07\.m2\repository\javax\activation\activation\1.1\activation-1.1.jar;C:\Users\consultor_jti07\.m2\repository\org\springframework\boot\spring-boot-starter-test\2.0.2.RELEASE\spring-boot-starter-test-2.0.2.RELEASE.jar;C:\Users\consultor_jti07\.m2\repository\org\springframework\boot\spring-boot-test\2.0.2.RELEASE\spring-boot-test-2.0.2.RELEASE.jar;C:\Users\consultor_jti07\.m2\repository\org\springframework\boot\spring-boot-test-autoconfigure\2.0.2.RELEASE\spring-boot-test-autoconfigure-2.0.2.RELEASE.jar;C:\Users\consultor_jti07\.m2\repository\com\jayway\jsonpath\json-path\2.4.0\json-path-2.4.0.jar;C:\Users\consultor_jti07\.m2\repository\net\minidev\json-smart\2.3\json-smart-2.3.jar;C:\Users\consultor_jti07\.m2\repository\net\minidev\accessors-smart\1.2\accessors-smart-1.2.jar;C:\Users\consultor_jti07\.m2\repository\org\ow2\asm\asm\5.0.4\asm-5.0.4.jar;C:\Users\consultor_jti07\.m2\repository\junit\junit\4.12\junit-4.12.jar;C:\Users\consultor_jti07\.m2\repository\org\assertj\assertj-core\3.9.1\assertj-core-3.9.1.jar;C:\Users\consultor_jti07\.m2\repository\org\mockito\mockito-core\2.15.0\mockito-core-2.15.0.jar;C:\Users\consultor_jti07\.m2\repository\net\bytebuddy\byte-buddy\1.7.11\byte-buddy-1.7.11.jar;C:\Users\consultor_jti07\.m2\repository\net\bytebuddy\byte-buddy-agent\1.7.11\byte-buddy-agent-1.7.11.jar;C:\Users\consultor_jti07\.m2\repository\org\objenesis\objenesis\2.6\objenesis-2.6.jar;C:\Users\consultor_jti07\.m2\repository\org\hamcrest\hamcrest-core\1.3\hamcrest-core-1.3.jar;C:\Users\consultor_jti07\.m2\repository\org\hamcrest\hamcrest-library\1.3\hamcrest-library-1.3.jar;C:\Users\consultor_jti07\.m2\repository\org\skyscreamer\jsonassert\1.5.0\jsonassert-1.5.0.jar;C:\Users\consultor_jti07\.m2\repository\com\vaadin\external\google\android-json\0.0.20131108.vaadin1\android-json-0.0.20131108.vaadin1.jar;C:\Users\consultor_jti07\.m2\repository\org\springframework\spring-test\5.0.6.RELEASE\spring-test-5.0.6.RELEASE.jar;C:\Users\consultor_jti07\.m2\repository\org\xmlunit\xmlunit-core\2.5.1\xmlunit-core-2.5.1.jar;C:\Users\consultor_jti07\.m2\repository\com\nulab-inc\zxcvbn\1.2.3\zxcvbn-1.2.3.jar;C:\Users\consultor_jti07\.m2\repository\org\modelmapper\modelmapper\1.1.0\modelmapper-1.1.0.jar;C:\Users\consultor_jti07\.m2\repository\com\google\code\gson\gson\2.8.5\gson-2.8.5.jar;C:\Users\consultor_jti07\.m2\repository\com\oracle\ojdbc7\12.1.0.1.0\ojdbc7-12.1.0.1.0.jar;C:\Users\consultor_jti07\.m2\repository\org\webjars\webjars-locator\0.30\webjars-locator-0.30.jar;C:\Users\consultor_jti07\.m2\repository\org\webjars\webjars-locator-core\0.35\webjars-locator-core-0.35.jar;C:\Users\consultor_jti07\.m2\repository\org\apache\commons\commons-compress\1.9\commons-compress-1.9.jar;C:\Users\consultor_jti07\.m2\repository\com\fasterxml\jackson\core\jackson-core\2.9.5\jackson-core-2.9.5.jar;C:\Users\consultor_jti07\.m2\repository\com\fasterxml\jackson\core\jackson-databind\2.9.5\jackson-databind-2.9.5.jar;C:\Users\consultor_jti07\.m2\repository\org\apache\commons\commons-lang3\3.7\commons-lang3-3.7.jar;C:\Users\consultor_jti07\.m2\repository\org\webjars\Semantic-UI\2.4.1\Semantic-UI-2.4.1.jar;C:\Users\consultor_jti07\.m2\repository\org\webjars\bootstrap\4.3.1\bootstrap-4.3.1.jar;C:\Users\consultor_jti07\.m2\repository\org\webjars\popper.js\1.14.3\popper.js-1.14.3.jar;C:\Users\consultor_jti07\.m2\repository\org\webjars\jquery\3.4.0\jquery-3.4.0.jar;C:\Users\consultor_jti07\.m2\repository\org\webjars\jquery-ui\1.9.2\jquery-ui-1.9.2.jar;C:\Users\consultor_jti07\.m2\repository\org\jsoup\jsoup\1.8.3\jsoup-1.8.3.jar;C:\Users\consultor_jti07\.m2\repository\com\h2database\h2\1.4.197\h2-1.4.197.jar;C:\Users\consultor_jti07\.m2\repository\org\xhtmlrenderer\flying-saucer-pdf-itext5\9.0.1\flying-saucer-pdf-itext5-9.0.1.jar;C:\Users\consultor_jti07\.m2\repository\com\itextpdf\itextpdf\5.3.0\itextpdf-5.3.0.jar;C:\Users\consultor_jti07\.m2\repository\org\xhtmlrenderer\flying-saucer-core\9.0.1\flying-saucer-core-9.0.1.jar;C:\Users\consultor_jti07\.m2\repository\commons-fileupload\commons-fileupload\1.2\commons-fileupload-1.2.jar;C:\Users\consultor_jti07\.m2\repository\org\json\json\20190722\json-20190722.jar;C:\Users\consultor_jti07\.m2\repository\org\xhtmlrenderer\flying-saucer-pdf\9.1.4\flying-saucer-pdf-9.1.4.jar;C:\Users\consultor_jti07\.m2\repository\com\lowagie\itext\2.1.7\itext-2.1.7.jar;C:\Users\consultor_jti07\.m2\repository\org\bouncycastle\bcmail-jdk14\1.38\bcmail-jdk14-1.38.jar;C:\Users\consultor_jti07\.m2\repository\org\bouncycastle\bctsp-jdk14\1.38\bctsp-jdk14-1.38.jar;C:\Users\consultor_jti07\.m2\repository\org\bouncycastle\bcprov-jdk14\1.38\bcprov-jdk14-1.38.jar;C:\Users\consultor_jti07\.m2\repository\org\springframework\boot\spring-boot-devtools\2.0.2.RELEASE\spring-boot-devtools-2.0.2.RELEASE.jar;C:\Users\consultor_jti07\.m2\repository\org\springframework\boot\spring-boot\2.0.2.RELEASE\spring-boot-2.0.2.RELEASE.jar;C:\Users\consultor_jti07\.m2\repository\org\springframework\boot\spring-boot-autoconfigure\2.0.2.RELEASE\spring-boot-autoconfigure-2.0.2.RELEASE.jar;C:\Users\consultor_jti07\.m2\repository\org\mybatis\spring\boot\mybatis-spring-boot-starter\2.1.1\mybatis-spring-boot-starter-2.1.1.jar;C:\Users\consultor_jti07\.m2\repository\org\mybatis\spring\boot\mybatis-spring-boot-autoconfigure\2.1.1\mybatis-spring-boot-autoconfigure-2.1.1.jar;C:\Users\consultor_jti07\.m2\repository\org\mybatis\mybatis\3.5.3\mybatis-3.5.3.jar;C:\Users\consultor_jti07\.m2\repository\org\mybatis\mybatis-spring\2.0.2\mybatis-spring-2.0.2.jar;C:\Users\consultor_jti07\.m2\repository\commons-codec\commons-codec\1.11\commons-codec-1.11.jar;C:\Users\consultor_jti07\.m2\repository\commons-pool\commons-pool\1.6\commons-pool-1.6.jar;"/>
    <property name="sun.cpu.endian" value="little"/>
    <property name="user.home" value="C:\Users\consultor_jti07"/>
    <property name="user.language" value="es"/>
    <property name="java.specification.vendor" value="Oracle Corporation"/>
    <property name="java.home" value="T:\jdk1.8.0_51\jre"/>
    <property name="basedir" value="T:\INFORME_RETRIBUCION\RETRI\spring-mvc-thymeleaf-crud-master\pySIRET"/>
    <property name="file.separator" value="\"/>
    <property name="line.separator" value="&#10;"/>
    <property name="java.vm.specification.vendor" value="Oracle Corporation"/>
    <property name="java.specification.name" value="Java Platform API Specification"/>
    <property name="java.awt.graphicsenv" value="sun.awt.Win32GraphicsEnvironment"/>
    <property name="surefire.real.class.path" value="C:\Users\CONSUL~1\AppData\Local\Temp\surefire5900079864766775163\surefirebooter6734637683200468356.jar"/>
    <property name="sun.boot.class.path" value="T:\jdk1.8.0_51\jre\lib\resources.jar;T:\jdk1.8.0_51\jre\lib\rt.jar;T:\jdk1.8.0_51\jre\lib\sunrsasign.jar;T:\jdk1.8.0_51\jre\lib\jsse.jar;T:\jdk1.8.0_51\jre\lib\jce.jar;T:\jdk1.8.0_51\jre\lib\charsets.jar;T:\jdk1.8.0_51\jre\lib\jfr.jar;T:\jdk1.8.0_51\jre\classes"/>
    <property name="user.script" value=""/>
    <property name="sun.management.compiler" value="HotSpot 64-Bit Tiered Compilers"/>
    <property name="java.runtime.version" value="1.8.0_51-b16"/>
    <property name="user.name" value="consultor_jti07"/>
    <property name="path.separator" value=";"/>
    <property name="os.version" value="6.3"/>
    <property name="java.endorsed.dirs" value="T:\jdk1.8.0_51\jre\lib\endorsed"/>
    <property name="java.runtime.name" value="Java(TM) SE Runtime Environment"/>
    <property name="file.encoding" value="Cp1252"/>
    <property name="java.vm.name" value="Java HotSpot(TM) 64-Bit Server VM"/>
    <property name="localRepository" value="C:\Users\consultor_jti07\.m2\repository"/>
    <property name="java.vendor.url.bug" value="http://bugreport.sun.com/bugreport/"/>
    <property name="java.io.tmpdir" value="C:\Users\CONSUL~1\AppData\Local\Temp\"/>
    <property name="java.version" value="1.8.0_51"/>
    <property name="user.dir" value="T:\INFORME_RETRIBUCION\RETRI\spring-mvc-thymeleaf-crud-master\pySIRET"/>
    <property name="os.arch" value="amd64"/>
    <property name="java.vm.specification.name" value="Java Virtual Machine Specification"/>
    <property name="java.awt.printerjob" value="sun.awt.windows.WPrinterJob"/>
    <property name="sun.os.patch.level" value=""/>
    <property name="java.library.path" value="T:\jdk1.8.0_51\jre\bin;C:\WINDOWS\Sun\Java\bin;C:\WINDOWS\system32;C:\WINDOWS;T:\jdk1.8.0_51\jre\bin;C:\Program Files (x86)\Intel\iCLS Client\;C:\Program Files (x86)\Common Files\Oracle\Java\javapath;C:\Program Files\Intel\iCLS Client\;C:\WINDOWS\system32;C:\WINDOWS;C:\WINDOWS\System32\Wbem;C:\WINDOWS\System32\WindowsPowerShell\v1.0\;C:\Program Files\TortoiseSVN\bin;C:\apache-maven-3.3.9\bin;C:\Program Files\PuTTY\;C:\WINDOWS\System32\OpenSSH\;C:\Program Files\Intel\WiFi\bin\;C:\Program Files\Java\jdk1.7.0_55\bin;C:\xampp\php;C:\Program Files\Common Files\Intel\WirelessCommon\;C:\oraclexe\app\oracle\product\10.2.0\server\bin;XE;C:\Program Files\Git\cmd;T:\jdk1.8.0_51\\bin;C:\Program Files (x86)\Intel\Intel(R) Management Engine Components\DAL;C:\Program Files\Intel\Intel(R) Management Engine Components\DAL;C:\Program Files (x86)\Intel\Intel(R) Management Engine Components\IPT;C:\Program Files\Intel\Intel(R) Management Engine Components\IPT;C:\Users\consultor_jti07\AppData\Local\Microsoft\WindowsApps;C:\Users\consultor_jti07\AppData\Local\GitHubDesktop\bin;C:\Users\consultor_jti07\AppData\Local\Programs\Microsoft VS Code\bin;."/>
    <property name="java.vm.info" value="mixed mode"/>
    <property name="java.vendor" value="Oracle Corporation"/>
    <property name="java.vm.version" value="25.51-b03"/>
    <property name="java.ext.dirs" value="T:\jdk1.8.0_51\jre\lib\ext;C:\WINDOWS\Sun\Java\lib\ext"/>
    <property name="sun.io.unicode.encoding" value="UnicodeLittle"/>
    <property name="java.class.version" value="52.0"/>
  </properties>
  <testcase name="initializationError" classname="com.example.springmvc.SpringmvcApplicationTests" time="0.008">
    <error message="Unable to find a @SpringBootConfiguration, you need to use @ContextConfiguration or @SpringBootTest(classes=...) with your test" type="java.lang.IllegalStateException">java.lang.IllegalStateException: Unable to find a @SpringBootConfiguration, you need to use @ContextConfiguration or @SpringBootTest(classes=...) with your test
</error>
    <system-out><![CDATA[15:04:04.220 [main] DEBUG org.springframework.test.context.junit4.SpringJUnit4ClassRunner - SpringJUnit4ClassRunner constructor called with [class com.example.springmvc.SpringmvcApplicationTests]
15:04:04.230 [main] DEBUG org.springframework.test.context.BootstrapUtils - Instantiating CacheAwareContextLoaderDelegate from class [org.springframework.test.context.cache.DefaultCacheAwareContextLoaderDelegate]
15:04:04.264 [main] DEBUG org.springframework.test.context.BootstrapUtils - Instantiating BootstrapContext using constructor [public org.springframework.test.context.support.DefaultBootstrapContext(java.lang.Class,org.springframework.test.context.CacheAwareContextLoaderDelegate)]
15:04:04.293 [main] DEBUG org.springframework.test.context.BootstrapUtils - Instantiating TestContextBootstrapper for test class [com.example.springmvc.SpringmvcApplicationTests] from class [org.springframework.boot.test.context.SpringBootTestContextBootstrapper]
15:04:04.357 [main] INFO org.springframework.boot.test.context.SpringBootTestContextBootstrapper - Neither @ContextConfiguration nor @ContextHierarchy found for test class [com.example.springmvc.SpringmvcApplicationTests], using SpringBootContextLoader
15:04:04.364 [main] DEBUG org.springframework.test.context.support.AbstractContextLoader - Did not detect default resource location for test class [com.example.springmvc.SpringmvcApplicationTests]: class path resource [com/example/springmvc/SpringmvcApplicationTests-context.xml] does not exist
15:04:04.365 [main] DEBUG org.springframework.test.context.support.AbstractContextLoader - Did not detect default resource location for test class [com.example.springmvc.SpringmvcApplicationTests]: class path resource [com/example/springmvc/SpringmvcApplicationTestsContext.groovy] does not exist
15:04:04.365 [main] INFO org.springframework.test.context.support.AbstractContextLoader - Could not detect default resource locations for test class [com.example.springmvc.SpringmvcApplicationTests]: no resource found for suffixes {-context.xml, Context.groovy}.
15:04:04.366 [main] INFO org.springframework.test.context.support.AnnotationConfigContextLoaderUtils - Could not detect default configuration classes for test class [com.example.springmvc.SpringmvcApplicationTests]: SpringmvcApplicationTests does not declare any static, non-private, non-final, nested classes annotated with @Configuration.
15:04:04.503 [main] DEBUG org.springframework.test.context.support.ActiveProfilesUtils - Could not find an 'annotation declaring class' for annotation type [org.springframework.test.context.ActiveProfiles] and class [com.example.springmvc.SpringmvcApplicationTests]
15:04:04.515 [main] DEBUG org.springframework.core.env.StandardEnvironment - Adding PropertySource 'systemProperties' with lowest search precedence
15:04:04.515 [main] DEBUG org.springframework.core.env.StandardEnvironment - Adding PropertySource 'systemEnvironment' with lowest search precedence
15:04:04.516 [main] DEBUG org.springframework.core.env.StandardEnvironment - Initialized StandardEnvironment with PropertySources [MapPropertySource@1997287019 {name='systemProperties', properties={java.runtime.name=Java(TM) SE Runtime Environment, sun.boot.library.path=T:\jdk1.8.0_51\jre\bin, java.vm.version=25.51-b03, java.vm.vendor=Oracle Corporation, java.vendor.url=http://java.oracle.com/, path.separator=;, java.vm.name=Java HotSpot(TM) 64-Bit Server VM, file.encoding.pkg=sun.io, user.country=419, user.script=, sun.java.launcher=SUN_STANDARD, sun.os.patch.level=, java.vm.specification.name=Java Virtual Machine Specification, user.dir=T:\INFORME_RETRIBUCION\RETRI\spring-mvc-thymeleaf-crud-master\pySIRET, java.runtime.version=1.8.0_51-b16, basedir=T:\INFORME_RETRIBUCION\RETRI\spring-mvc-thymeleaf-crud-master\pySIRET, java.awt.graphicsenv=sun.awt.Win32GraphicsEnvironment, java.endorsed.dirs=T:\jdk1.8.0_51\jre\lib\endorsed, os.arch=amd64, surefire.real.class.path=C:\Users\CONSUL~1\AppData\Local\Temp\surefire5900079864766775163\surefirebooter6734637683200468356.jar, java.io.tmpdir=C:\Users\CONSUL~1\AppData\Local\Temp\, line.separator=
, java.vm.specification.vendor=Oracle Corporation, user.variant=, os.name=Windows 8.1, sun.jnu.encoding=Cp1252, java.library.path=T:\jdk1.8.0_51\jre\bin;C:\WINDOWS\Sun\Java\bin;C:\WINDOWS\system32;C:\WINDOWS;T:\jdk1.8.0_51\jre\bin;C:\Program Files (x86)\Intel\iCLS Client\;C:\Program Files (x86)\Common Files\Oracle\Java\javapath;C:\Program Files\Intel\iCLS Client\;C:\WINDOWS\system32;C:\WINDOWS;C:\WINDOWS\System32\Wbem;C:\WINDOWS\System32\WindowsPowerShell\v1.0\;C:\Program Files\TortoiseSVN\bin;C:\apache-maven-3.3.9\bin;C:\Program Files\PuTTY\;C:\WINDOWS\System32\OpenSSH\;C:\Program Files\Intel\WiFi\bin\;C:\Program Files\Java\jdk1.7.0_55\bin;C:\xampp\php;C:\Program Files\Common Files\Intel\WirelessCommon\;C:\oraclexe\app\oracle\product\10.2.0\server\bin;XE;C:\Program Files\Git\cmd;T:\jdk1.8.0_51\\bin;C:\Program Files (x86)\Intel\Intel(R) Management Engine Components\DAL;C:\Program Files\Intel\Intel(R) Management Engine Components\DAL;C:\Program Files (x86)\Intel\Intel(R) Management Engine Components\IPT;C:\Program Files\Intel\Intel(R) Management Engine Components\IPT;C:\Users\consultor_jti07\AppData\Local\Microsoft\WindowsApps;C:\Users\consultor_jti07\AppData\Local\GitHubDesktop\bin;C:\Users\consultor_jti07\AppData\Local\Programs\Microsoft VS Code\bin;., surefire.test.class.path=T:\INFORME_RETRIBUCION\RETRI\spring-mvc-thymeleaf-crud-master\pySIRET\target\test-classes;T:\INFORME_RETRIBUCION\RETRI\spring-mvc-thymeleaf-crud-master\pySIRET\target\classes;C:\Users\consultor_jti07\.m2\repository\org\springframework\boot\spring-boot-starter-data-rest\2.0.2.RELEASE\spring-boot-starter-data-rest-2.0.2.RELEASE.jar;C:\Users\consultor_jti07\.m2\repository\org\springframework\boot\spring-boot-starter\2.0.2.RELEASE\spring-boot-starter-2.0.2.RELEASE.jar;C:\Users\consultor_jti07\.m2\repository\org\springframework\boot\spring-boot-starter-logging\2.0.2.RELEASE\spring-boot-starter-logging-2.0.2.RELEASE.jar;C:\Users\consultor_jti07\.m2\repository\ch\qos\logback\logback-classic\1.2.3\logback-classic-1.2.3.jar;C:\Users\consultor_jti07\.m2\repository\ch\qos\logback\logback-core\1.2.3\logback-core-1.2.3.jar;C:\Users\consultor_jti07\.m2\repository\org\apache\logging\log4j\log4j-to-slf4j\2.10.0\log4j-to-slf4j-2.10.0.jar;C:\Users\consultor_jti07\.m2\repository\org\apache\logging\log4j\log4j-api\2.10.0\log4j-api-2.10.0.jar;C:\Users\consultor_jti07\.m2\repository\org\slf4j\jul-to-slf4j\1.7.25\jul-to-slf4j-1.7.25.jar;C:\Users\consultor_jti07\.m2\repository\javax\annotation\javax.annotation-api\1.3.2\javax.annotation-api-1.3.2.jar;C:\Users\consultor_jti07\.m2\repository\org\yaml\snakeyaml\1.19\snakeyaml-1.19.jar;C:\Users\consultor_jti07\.m2\repository\org\springframework\boot\spring-boot-starter-json\2.0.2.RELEASE\spring-boot-starter-json-2.0.2.RELEASE.jar;C:\Users\consultor_jti07\.m2\repository\com\fasterxml\jackson\datatype\jackson-datatype-jdk8\2.9.5\jackson-datatype-jdk8-2.9.5.jar;C:\Users\consultor_jti07\.m2\repository\com\fasterxml\jackson\datatype\jackson-datatype-jsr310\2.9.5\jackson-datatype-jsr310-2.9.5.jar;C:\Users\consultor_jti07\.m2\repository\com\fasterxml\jackson\module\jackson-module-parameter-names\2.9.5\jackson-module-parameter-names-2.9.5.jar;C:\Users\consultor_jti07\.m2\repository\org\springframework\data\spring-data-rest-webmvc\3.0.7.RELEASE\spring-data-rest-webmvc-3.0.7.RELEASE.jar;C:\Users\consultor_jti07\.m2\repository\org\springframework\data\spring-data-rest-core\3.0.7.RELEASE\spring-data-rest-core-3.0.7.RELEASE.jar;C:\Users\consultor_jti07\.m2\repository\org\springframework\hateoas\spring-hateoas\0.24.0.RELEASE\spring-hateoas-0.24.0.RELEASE.jar;C:\Users\consultor_jti07\.m2\repository\org\springframework\plugin\spring-plugin-core\1.2.0.RELEASE\spring-plugin-core-1.2.0.RELEASE.jar;C:\Users\consultor_jti07\.m2\repository\org\atteo\evo-inflector\1.2.2\evo-inflector-1.2.2.jar;C:\Users\consultor_jti07\.m2\repository\com\fasterxml\jackson\core\jackson-annotations\2.9.0\jackson-annotations-2.9.0.jar;C:\Users\consultor_jti07\.m2\repository\org\slf4j\slf4j-api\1.7.25\slf4j-api-1.7.25.jar;C:\Users\consultor_jti07\.m2\repository\org\springframework\boot\spring-boot-starter-data-jpa\2.0.2.RELEASE\spring-boot-starter-data-jpa-2.0.2.RELEASE.jar;C:\Users\consultor_jti07\.m2\repository\org\springframework\boot\spring-boot-starter-aop\2.0.2.RELEASE\spring-boot-starter-aop-2.0.2.RELEASE.jar;C:\Users\consultor_jti07\.m2\repository\org\aspectj\aspectjweaver\1.8.13\aspectjweaver-1.8.13.jar;C:\Users\consultor_jti07\.m2\repository\org\springframework\boot\spring-boot-starter-jdbc\2.0.2.RELEASE\spring-boot-starter-jdbc-2.0.2.RELEASE.jar;C:\Users\consultor_jti07\.m2\repository\com\zaxxer\HikariCP\2.7.9\HikariCP-2.7.9.jar;C:\Users\consultor_jti07\.m2\repository\org\springframework\spring-jdbc\5.0.6.RELEASE\spring-jdbc-5.0.6.RELEASE.jar;C:\Users\consultor_jti07\.m2\repository\org\hibernate\hibernate-core\5.2.17.Final\hibernate-core-5.2.17.Final.jar;C:\Users\consultor_jti07\.m2\repository\org\jboss\logging\jboss-logging\3.3.2.Final\jboss-logging-3.3.2.Final.jar;C:\Users\consultor_jti07\.m2\repository\org\hibernate\javax\persistence\hibernate-jpa-2.1-api\1.0.0.Final\hibernate-jpa-2.1-api-1.0.0.Final.jar;C:\Users\consultor_jti07\.m2\repository\org\javassist\javassist\3.22.0-GA\javassist-3.22.0-GA.jar;C:\Users\consultor_jti07\.m2\repository\antlr\antlr\2.7.7\antlr-2.7.7.jar;C:\Users\consultor_jti07\.m2\repository\org\jboss\jandex\2.0.3.Final\jandex-2.0.3.Final.jar;C:\Users\consultor_jti07\.m2\repository\com\fasterxml\classmate\1.3.4\classmate-1.3.4.jar;C:\Users\consultor_jti07\.m2\repository\dom4j\dom4j\1.6.1\dom4j-1.6.1.jar;C:\Users\consultor_jti07\.m2\repository\org\hibernate\common\hibernate-commons-annotations\5.0.1.Final\hibernate-commons-annotations-5.0.1.Final.jar;C:\Users\consultor_jti07\.m2\repository\javax\transaction\javax.transaction-api\1.2\javax.transaction-api-1.2.jar;C:\Users\consultor_jti07\.m2\repository\org\springframework\data\spring-data-jpa\2.0.7.RELEASE\spring-data-jpa-2.0.7.RELEASE.jar;C:\Users\consultor_jti07\.m2\repository\org\springframework\data\spring-data-commons\2.0.7.RELEASE\spring-data-commons-2.0.7.RELEASE.jar;C:\Users\consultor_jti07\.m2\repository\org\springframework\spring-orm\5.0.6.RELEASE\spring-orm-5.0.6.RELEASE.jar;C:\Users\consultor_jti07\.m2\repository\org\springframework\spring-tx\5.0.6.RELEASE\spring-tx-5.0.6.RELEASE.jar;C:\Users\consultor_jti07\.m2\repository\org\springframework\spring-aspects\5.0.6.RELEASE\spring-aspects-5.0.6.RELEASE.jar;C:\Users\consultor_jti07\.m2\repository\org\springframework\boot\spring-boot-starter-thymeleaf\2.0.2.RELEASE\spring-boot-starter-thymeleaf-2.0.2.RELEASE.jar;C:\Users\consultor_jti07\.m2\repository\org\thymeleaf\thymeleaf-spring5\3.0.9.RELEASE\thymeleaf-spring5-3.0.9.RELEASE.jar;C:\Users\consultor_jti07\.m2\repository\org\thymeleaf\thymeleaf\3.0.9.RELEASE\thymeleaf-3.0.9.RELEASE.jar;C:\Users\consultor_jti07\.m2\repository\org\attoparser\attoparser\2.0.4.RELEASE\attoparser-2.0.4.RELEASE.jar;C:\Users\consultor_jti07\.m2\repository\org\unbescape\unbescape\1.1.5.RELEASE\unbescape-1.1.5.RELEASE.jar;C:\Users\consultor_jti07\.m2\repository\org\thymeleaf\extras\thymeleaf-extras-java8time\3.0.1.RELEASE\thymeleaf-extras-java8time-3.0.1.RELEASE.jar;C:\Users\consultor_jti07\.m2\repository\org\springframework\boot\spring-boot-starter-web\2.0.2.RELEASE\spring-boot-starter-web-2.0.2.RELEASE.jar;C:\Users\consultor_jti07\.m2\repository\org\springframework\boot\spring-boot-starter-tomcat\2.0.2.RELEASE\spring-boot-starter-tomcat-2.0.2.RELEASE.jar;C:\Users\consultor_jti07\.m2\repository\org\apache\tomcat\embed\tomcat-embed-core\8.5.31\tomcat-embed-core-8.5.31.jar;C:\Users\consultor_jti07\.m2\repository\org\apache\tomcat\embed\tomcat-embed-el\8.5.31\tomcat-embed-el-8.5.31.jar;C:\Users\consultor_jti07\.m2\repository\org\apache\tomcat\embed\tomcat-embed-websocket\8.5.31\tomcat-embed-websocket-8.5.31.jar;C:\Users\consultor_jti07\.m2\repository\org\hibernate\validator\hibernate-validator\6.0.9.Final\hibernate-validator-6.0.9.Final.jar;C:\Users\consultor_jti07\.m2\repository\javax\validation\validation-api\2.0.1.Final\validation-api-2.0.1.Final.jar;C:\Users\consultor_jti07\.m2\repository\org\springframework\spring-web\5.0.6.RELEASE\spring-web-5.0.6.RELEASE.jar;C:\Users\consultor_jti07\.m2\repository\org\springframework\spring-webmvc\5.0.6.RELEASE\spring-webmvc-5.0.6.RELEASE.jar;C:\Users\consultor_jti07\.m2\repository\org\springframework\spring-aop\5.0.6.RELEASE\spring-aop-5.0.6.RELEASE.jar;C:\Users\consultor_jti07\.m2\repository\org\springframework\spring-beans\5.0.6.RELEASE\spring-beans-5.0.6.RELEASE.jar;C:\Users\consultor_jti07\.m2\repository\org\springframework\spring-context\5.0.6.RELEASE\spring-context-5.0.6.RELEASE.jar;C:\Users\consultor_jti07\.m2\repository\org\springframework\spring-core\5.0.6.RELEASE\spring-core-5.0.6.RELEASE.jar;C:\Users\consultor_jti07\.m2\repository\org\springframework\spring-jcl\5.0.6.RELEASE\spring-jcl-5.0.6.RELEASE.jar;C:\Users\consultor_jti07\.m2\repository\org\springframework\spring-expression\5.0.6.RELEASE\spring-expression-5.0.6.RELEASE.jar;C:\Users\consultor_jti07\.m2\repository\org\projectlombok\lombok\1.18.0\lombok-1.18.0.jar;C:\Users\consultor_jti07\.m2\repository\net\sourceforge\nekohtml\nekohtml\1.9.22\nekohtml-1.9.22.jar;C:\Users\consultor_jti07\.m2\repository\xerces\xercesImpl\2.11.0\xercesImpl-2.11.0.jar;C:\Users\consultor_jti07\.m2\repository\xml-apis\xml-apis\1.4.01\xml-apis-1.4.01.jar;C:\Users\consultor_jti07\.m2\repository\org\springframework\boot\spring-boot-starter-mail\2.0.2.RELEASE\spring-boot-starter-mail-2.0.2.RELEASE.jar;C:\Users\consultor_jti07\.m2\repository\org\springframework\spring-context-support\5.0.6.RELEASE\spring-context-support-5.0.6.RELEASE.jar;C:\Users\consultor_jti07\.m2\repository\com\sun\mail\javax.mail\1.6.1\javax.mail-1.6.1.jar;C:\Users\consultor_jti07\.m2\repository\javax\activation\activation\1.1\activation-1.1.jar;C:\Users\consultor_jti07\.m2\repository\org\springframework\boot\spring-boot-starter-test\2.0.2.RELEASE\spring-boot-starter-test-2.0.2.RELEASE.jar;C:\Users\consultor_jti07\.m2\repository\org\springframework\boot\spring-boot-test\2.0.2.RELEASE\spring-boot-test-2.0.2.RELEASE.jar;C:\Users\consultor_jti07\.m2\repository\org\springframework\boot\spring-boot-test-autoconfigure\2.0.2.RELEASE\spring-boot-test-autoconfigure-2.0.2.RELEASE.jar;C:\Users\consultor_jti07\.m2\repository\com\jayway\jsonpath\json-path\2.4.0\json-path-2.4.0.jar;C:\Users\consultor_jti07\.m2\repository\net\minidev\json-smart\2.3\json-smart-2.3.jar;C:\Users\consultor_jti07\.m2\repository\net\minidev\accessors-smart\1.2\accessors-smart-1.2.jar;C:\Users\consultor_jti07\.m2\repository\org\ow2\asm\asm\5.0.4\asm-5.0.4.jar;C:\Users\consultor_jti07\.m2\repository\junit\junit\4.12\junit-4.12.jar;C:\Users\consultor_jti07\.m2\repository\org\assertj\assertj-core\3.9.1\assertj-core-3.9.1.jar;C:\Users\consultor_jti07\.m2\repository\org\mockito\mockito-core\2.15.0\mockito-core-2.15.0.jar;C:\Users\consultor_jti07\.m2\repository\net\bytebuddy\byte-buddy\1.7.11\byte-buddy-1.7.11.jar;C:\Users\consultor_jti07\.m2\repository\net\bytebuddy\byte-buddy-agent\1.7.11\byte-buddy-agent-1.7.11.jar;C:\Users\consultor_jti07\.m2\repository\org\objenesis\objenesis\2.6\objenesis-2.6.jar;C:\Users\consultor_jti07\.m2\repository\org\hamcrest\hamcrest-core\1.3\hamcrest-core-1.3.jar;C:\Users\consultor_jti07\.m2\repository\org\hamcrest\hamcrest-library\1.3\hamcrest-library-1.3.jar;C:\Users\consultor_jti07\.m2\repository\org\skyscreamer\jsonassert\1.5.0\jsonassert-1.5.0.jar;C:\Users\consultor_jti07\.m2\repository\com\vaadin\external\google\android-json\0.0.20131108.vaadin1\android-json-0.0.20131108.vaadin1.jar;C:\Users\consultor_jti07\.m2\repository\org\springframework\spring-test\5.0.6.RELEASE\spring-test-5.0.6.RELEASE.jar;C:\Users\consultor_jti07\.m2\repository\org\xmlunit\xmlunit-core\2.5.1\xmlunit-core-2.5.1.jar;C:\Users\consultor_jti07\.m2\repository\com\nulab-inc\zxcvbn\1.2.3\zxcvbn-1.2.3.jar;C:\Users\consultor_jti07\.m2\repository\org\modelmapper\modelmapper\1.1.0\modelmapper-1.1.0.jar;C:\Users\consultor_jti07\.m2\repository\com\google\code\gson\gson\2.8.5\gson-2.8.5.jar;C:\Users\consultor_jti07\.m2\repository\com\oracle\ojdbc7\12.1.0.1.0\ojdbc7-12.1.0.1.0.jar;C:\Users\consultor_jti07\.m2\repository\org\webjars\webjars-locator\0.30\webjars-locator-0.30.jar;C:\Users\consultor_jti07\.m2\repository\org\webjars\webjars-locator-core\0.35\webjars-locator-core-0.35.jar;C:\Users\consultor_jti07\.m2\repository\org\apache\commons\commons-compress\1.9\commons-compress-1.9.jar;C:\Users\consultor_jti07\.m2\repository\com\fasterxml\jackson\core\jackson-core\2.9.5\jackson-core-2.9.5.jar;C:\Users\consultor_jti07\.m2\repository\com\fasterxml\jackson\core\jackson-databind\2.9.5\jackson-databind-2.9.5.jar;C:\Users\consultor_jti07\.m2\repository\org\apache\commons\commons-lang3\3.7\commons-lang3-3.7.jar;C:\Users\consultor_jti07\.m2\repository\org\webjars\Semantic-UI\2.4.1\Semantic-UI-2.4.1.jar;C:\Users\consultor_jti07\.m2\repository\org\webjars\bootstrap\4.3.1\bootstrap-4.3.1.jar;C:\Users\consultor_jti07\.m2\repository\org\webjars\popper.js\1.14.3\popper.js-1.14.3.jar;C:\Users\consultor_jti07\.m2\repository\org\webjars\jquery\3.4.0\jquery-3.4.0.jar;C:\Users\consultor_jti07\.m2\repository\org\webjars\jquery-ui\1.9.2\jquery-ui-1.9.2.jar;C:\Users\consultor_jti07\.m2\repository\org\jsoup\jsoup\1.8.3\jsoup-1.8.3.jar;C:\Users\consultor_jti07\.m2\repository\com\h2database\h2\1.4.197\h2-1.4.197.jar;C:\Users\consultor_jti07\.m2\repository\org\xhtmlrenderer\flying-saucer-pdf-itext5\9.0.1\flying-saucer-pdf-itext5-9.0.1.jar;C:\Users\consultor_jti07\.m2\repository\com\itextpdf\itextpdf\5.3.0\itextpdf-5.3.0.jar;C:\Users\consultor_jti07\.m2\repository\org\xhtmlrenderer\flying-saucer-core\9.0.1\flying-saucer-core-9.0.1.jar;C:\Users\consultor_jti07\.m2\repository\commons-fileupload\commons-fileupload\1.2\commons-fileupload-1.2.jar;C:\Users\consultor_jti07\.m2\repository\org\json\json\20190722\json-20190722.jar;C:\Users\consultor_jti07\.m2\repository\org\xhtmlrenderer\flying-saucer-pdf\9.1.4\flying-saucer-pdf-9.1.4.jar;C:\Users\consultor_jti07\.m2\repository\com\lowagie\itext\2.1.7\itext-2.1.7.jar;C:\Users\consultor_jti07\.m2\repository\org\bouncycastle\bcmail-jdk14\1.38\bcmail-jdk14-1.38.jar;C:\Users\consultor_jti07\.m2\repository\org\bouncycastle\bctsp-jdk14\1.38\bctsp-jdk14-1.38.jar;C:\Users\consultor_jti07\.m2\repository\org\bouncycastle\bcprov-jdk14\1.38\bcprov-jdk14-1.38.jar;C:\Users\consultor_jti07\.m2\repository\org\springframework\boot\spring-boot-devtools\2.0.2.RELEASE\spring-boot-devtools-2.0.2.RELEASE.jar;C:\Users\consultor_jti07\.m2\repository\org\springframework\boot\spring-boot\2.0.2.RELEASE\spring-boot-2.0.2.RELEASE.jar;C:\Users\consultor_jti07\.m2\repository\org\springframework\boot\spring-boot-autoconfigure\2.0.2.RELEASE\spring-boot-autoconfigure-2.0.2.RELEASE.jar;C:\Users\consultor_jti07\.m2\repository\org\mybatis\spring\boot\mybatis-spring-boot-starter\2.1.1\mybatis-spring-boot-starter-2.1.1.jar;C:\Users\consultor_jti07\.m2\repository\org\mybatis\spring\boot\mybatis-spring-boot-autoconfigure\2.1.1\mybatis-spring-boot-autoconfigure-2.1.1.jar;C:\Users\consultor_jti07\.m2\repository\org\mybatis\mybatis\3.5.3\mybatis-3.5.3.jar;C:\Users\consultor_jti07\.m2\repository\org\mybatis\mybatis-spring\2.0.2\mybatis-spring-2.0.2.jar;C:\Users\consultor_jti07\.m2\repository\commons-codec\commons-codec\1.11\commons-codec-1.11.jar;C:\Users\consultor_jti07\.m2\repository\commons-pool\commons-pool\1.6\commons-pool-1.6.jar;, java.specification.name=Java Platform API Specification, java.class.version=52.0, sun.management.compiler=HotSpot 64-Bit Tiered Compilers, os.version=6.3, user.home=C:\Users\consultor_jti07, user.timezone=America/Bogota, java.awt.printerjob=sun.awt.windows.WPrinterJob, file.encoding=Cp1252, java.specification.version=1.8, java.class.path=T:\INFORME_RETRIBUCION\RETRI\spring-mvc-thymeleaf-crud-master\pySIRET\target\test-classes;T:\INFORME_RETRIBUCION\RETRI\spring-mvc-thymeleaf-crud-master\pySIRET\target\classes;C:\Users\consultor_jti07\.m2\repository\org\springframework\boot\spring-boot-starter-data-rest\2.0.2.RELEASE\spring-boot-starter-data-rest-2.0.2.RELEASE.jar;C:\Users\consultor_jti07\.m2\repository\org\springframework\boot\spring-boot-starter\2.0.2.RELEASE\spring-boot-starter-2.0.2.RELEASE.jar;C:\Users\consultor_jti07\.m2\repository\org\springframework\boot\spring-boot-starter-logging\2.0.2.RELEASE\spring-boot-starter-logging-2.0.2.RELEASE.jar;C:\Users\consultor_jti07\.m2\repository\ch\qos\logback\logback-classic\1.2.3\logback-classic-1.2.3.jar;C:\Users\consultor_jti07\.m2\repository\ch\qos\logback\logback-core\1.2.3\logback-core-1.2.3.jar;C:\Users\consultor_jti07\.m2\repository\org\apache\logging\log4j\log4j-to-slf4j\2.10.0\log4j-to-slf4j-2.10.0.jar;C:\Users\consultor_jti07\.m2\repository\org\apache\logging\log4j\log4j-api\2.10.0\log4j-api-2.10.0.jar;C:\Users\consultor_jti07\.m2\repository\org\slf4j\jul-to-slf4j\1.7.25\jul-to-slf4j-1.7.25.jar;C:\Users\consultor_jti07\.m2\repository\javax\annotation\javax.annotation-api\1.3.2\javax.annotation-api-1.3.2.jar;C:\Users\consultor_jti07\.m2\repository\org\yaml\snakeyaml\1.19\snakeyaml-1.19.jar;C:\Users\consultor_jti07\.m2\repository\org\springframework\boot\spring-boot-starter-json\2.0.2.RELEASE\spring-boot-starter-json-2.0.2.RELEASE.jar;C:\Users\consultor_jti07\.m2\repository\com\fasterxml\jackson\datatype\jackson-datatype-jdk8\2.9.5\jackson-datatype-jdk8-2.9.5.jar;C:\Users\consultor_jti07\.m2\repository\com\fasterxml\jackson\datatype\jackson-datatype-jsr310\2.9.5\jackson-datatype-jsr310-2.9.5.jar;C:\Users\consultor_jti07\.m2\repository\com\fasterxml\jackson\module\jackson-module-parameter-names\2.9.5\jackson-module-parameter-names-2.9.5.jar;C:\Users\consultor_jti07\.m2\repository\org\springframework\data\spring-data-rest-webmvc\3.0.7.RELEASE\spring-data-rest-webmvc-3.0.7.RELEASE.jar;C:\Users\consultor_jti07\.m2\repository\org\springframework\data\spring-data-rest-core\3.0.7.RELEASE\spring-data-rest-core-3.0.7.RELEASE.jar;C:\Users\consultor_jti07\.m2\repository\org\springframework\hateoas\spring-hateoas\0.24.0.RELEASE\spring-hateoas-0.24.0.RELEASE.jar;C:\Users\consultor_jti07\.m2\repository\org\springframework\plugin\spring-plugin-core\1.2.0.RELEASE\spring-plugin-core-1.2.0.RELEASE.jar;C:\Users\consultor_jti07\.m2\repository\org\atteo\evo-inflector\1.2.2\evo-inflector-1.2.2.jar;C:\Users\consultor_jti07\.m2\repository\com\fasterxml\jackson\core\jackson-annotations\2.9.0\jackson-annotations-2.9.0.jar;C:\Users\consultor_jti07\.m2\repository\org\slf4j\slf4j-api\1.7.25\slf4j-api-1.7.25.jar;C:\Users\consultor_jti07\.m2\repository\org\springframework\boot\spring-boot-starter-data-jpa\2.0.2.RELEASE\spring-boot-starter-data-jpa-2.0.2.RELEASE.jar;C:\Users\consultor_jti07\.m2\repository\org\springframework\boot\spring-boot-starter-aop\2.0.2.RELEASE\spring-boot-starter-aop-2.0.2.RELEASE.jar;C:\Users\consultor_jti07\.m2\repository\org\aspectj\aspectjweaver\1.8.13\aspectjweaver-1.8.13.jar;C:\Users\consultor_jti07\.m2\repository\org\springframework\boot\spring-boot-starter-jdbc\2.0.2.RELEASE\spring-boot-starter-jdbc-2.0.2.RELEASE.jar;C:\Users\consultor_jti07\.m2\repository\com\zaxxer\HikariCP\2.7.9\HikariCP-2.7.9.jar;C:\Users\consultor_jti07\.m2\repository\org\springframework\spring-jdbc\5.0.6.RELEASE\spring-jdbc-5.0.6.RELEASE.jar;C:\Users\consultor_jti07\.m2\repository\org\hibernate\hibernate-core\5.2.17.Final\hibernate-core-5.2.17.Final.jar;C:\Users\consultor_jti07\.m2\repository\org\jboss\logging\jboss-logging\3.3.2.Final\jboss-logging-3.3.2.Final.jar;C:\Users\consultor_jti07\.m2\repository\org\hibernate\javax\persistence\hibernate-jpa-2.1-api\1.0.0.Final\hibernate-jpa-2.1-api-1.0.0.Final.jar;C:\Users\consultor_jti07\.m2\repository\org\javassist\javassist\3.22.0-GA\javassist-3.22.0-GA.jar;C:\Users\consultor_jti07\.m2\repository\antlr\antlr\2.7.7\antlr-2.7.7.jar;C:\Users\consultor_jti07\.m2\repository\org\jboss\jandex\2.0.3.Final\jandex-2.0.3.Final.jar;C:\Users\consultor_jti07\.m2\repository\com\fasterxml\classmate\1.3.4\classmate-1.3.4.jar;C:\Users\consultor_jti07\.m2\repository\dom4j\dom4j\1.6.1\dom4j-1.6.1.jar;C:\Users\consultor_jti07\.m2\repository\org\hibernate\common\hibernate-commons-annotations\5.0.1.Final\hibernate-commons-annotations-5.0.1.Final.jar;C:\Users\consultor_jti07\.m2\repository\javax\transaction\javax.transaction-api\1.2\javax.transaction-api-1.2.jar;C:\Users\consultor_jti07\.m2\repository\org\springframework\data\spring-data-jpa\2.0.7.RELEASE\spring-data-jpa-2.0.7.RELEASE.jar;C:\Users\consultor_jti07\.m2\repository\org\springframework\data\spring-data-commons\2.0.7.RELEASE\spring-data-commons-2.0.7.RELEASE.jar;C:\Users\consultor_jti07\.m2\repository\org\springframework\spring-orm\5.0.6.RELEASE\spring-orm-5.0.6.RELEASE.jar;C:\Users\consultor_jti07\.m2\repository\org\springframework\spring-tx\5.0.6.RELEASE\spring-tx-5.0.6.RELEASE.jar;C:\Users\consultor_jti07\.m2\repository\org\springframework\spring-aspects\5.0.6.RELEASE\spring-aspects-5.0.6.RELEASE.jar;C:\Users\consultor_jti07\.m2\repository\org\springframework\boot\spring-boot-starter-thymeleaf\2.0.2.RELEASE\spring-boot-starter-thymeleaf-2.0.2.RELEASE.jar;C:\Users\consultor_jti07\.m2\repository\org\thymeleaf\thymeleaf-spring5\3.0.9.RELEASE\thymeleaf-spring5-3.0.9.RELEASE.jar;C:\Users\consultor_jti07\.m2\repository\org\thymeleaf\thymeleaf\3.0.9.RELEASE\thymeleaf-3.0.9.RELEASE.jar;C:\Users\consultor_jti07\.m2\repository\org\attoparser\attoparser\2.0.4.RELEASE\attoparser-2.0.4.RELEASE.jar;C:\Users\consultor_jti07\.m2\repository\org\unbescape\unbescape\1.1.5.RELEASE\unbescape-1.1.5.RELEASE.jar;C:\Users\consultor_jti07\.m2\repository\org\thymeleaf\extras\thymeleaf-extras-java8time\3.0.1.RELEASE\thymeleaf-extras-java8time-3.0.1.RELEASE.jar;C:\Users\consultor_jti07\.m2\repository\org\springframework\boot\spring-boot-starter-web\2.0.2.RELEASE\spring-boot-starter-web-2.0.2.RELEASE.jar;C:\Users\consultor_jti07\.m2\repository\org\springframework\boot\spring-boot-starter-tomcat\2.0.2.RELEASE\spring-boot-starter-tomcat-2.0.2.RELEASE.jar;C:\Users\consultor_jti07\.m2\repository\org\apache\tomcat\embed\tomcat-embed-core\8.5.31\tomcat-embed-core-8.5.31.jar;C:\Users\consultor_jti07\.m2\repository\org\apache\tomcat\embed\tomcat-embed-el\8.5.31\tomcat-embed-el-8.5.31.jar;C:\Users\consultor_jti07\.m2\repository\org\apache\tomcat\embed\tomcat-embed-websocket\8.5.31\tomcat-embed-websocket-8.5.31.jar;C:\Users\consultor_jti07\.m2\repository\org\hibernate\validator\hibernate-validator\6.0.9.Final\hibernate-validator-6.0.9.Final.jar;C:\Users\consultor_jti07\.m2\repository\javax\validation\validation-api\2.0.1.Final\validation-api-2.0.1.Final.jar;C:\Users\consultor_jti07\.m2\repository\org\springframework\spring-web\5.0.6.RELEASE\spring-web-5.0.6.RELEASE.jar;C:\Users\consultor_jti07\.m2\repository\org\springframework\spring-webmvc\5.0.6.RELEASE\spring-webmvc-5.0.6.RELEASE.jar;C:\Users\consultor_jti07\.m2\repository\org\springframework\spring-aop\5.0.6.RELEASE\spring-aop-5.0.6.RELEASE.jar;C:\Users\consultor_jti07\.m2\repository\org\springframework\spring-beans\5.0.6.RELEASE\spring-beans-5.0.6.RELEASE.jar;C:\Users\consultor_jti07\.m2\repository\org\springframework\spring-context\5.0.6.RELEASE\spring-context-5.0.6.RELEASE.jar;C:\Users\consultor_jti07\.m2\repository\org\springframework\spring-core\5.0.6.RELEASE\spring-core-5.0.6.RELEASE.jar;C:\Users\consultor_jti07\.m2\repository\org\springframework\spring-jcl\5.0.6.RELEASE\spring-jcl-5.0.6.RELEASE.jar;C:\Users\consultor_jti07\.m2\repository\org\springframework\spring-expression\5.0.6.RELEASE\spring-expression-5.0.6.RELEASE.jar;C:\Users\consultor_jti07\.m2\repository\org\projectlombok\lombok\1.18.0\lombok-1.18.0.jar;C:\Users\consultor_jti07\.m2\repository\net\sourceforge\nekohtml\nekohtml\1.9.22\nekohtml-1.9.22.jar;C:\Users\consultor_jti07\.m2\repository\xerces\xercesImpl\2.11.0\xercesImpl-2.11.0.jar;C:\Users\consultor_jti07\.m2\repository\xml-apis\xml-apis\1.4.01\xml-apis-1.4.01.jar;C:\Users\consultor_jti07\.m2\repository\org\springframework\boot\spring-boot-starter-mail\2.0.2.RELEASE\spring-boot-starter-mail-2.0.2.RELEASE.jar;C:\Users\consultor_jti07\.m2\repository\org\springframework\spring-context-support\5.0.6.RELEASE\spring-context-support-5.0.6.RELEASE.jar;C:\Users\consultor_jti07\.m2\repository\com\sun\mail\javax.mail\1.6.1\javax.mail-1.6.1.jar;C:\Users\consultor_jti07\.m2\repository\javax\activation\activation\1.1\activation-1.1.jar;C:\Users\consultor_jti07\.m2\repository\org\springframework\boot\spring-boot-starter-test\2.0.2.RELEASE\spring-boot-starter-test-2.0.2.RELEASE.jar;C:\Users\consultor_jti07\.m2\repository\org\springframework\boot\spring-boot-test\2.0.2.RELEASE\spring-boot-test-2.0.2.RELEASE.jar;C:\Users\consultor_jti07\.m2\repository\org\springframework\boot\spring-boot-test-autoconfigure\2.0.2.RELEASE\spring-boot-test-autoconfigure-2.0.2.RELEASE.jar;C:\Users\consultor_jti07\.m2\repository\com\jayway\jsonpath\json-path\2.4.0\json-path-2.4.0.jar;C:\Users\consultor_jti07\.m2\repository\net\minidev\json-smart\2.3\json-smart-2.3.jar;C:\Users\consultor_jti07\.m2\repository\net\minidev\accessors-smart\1.2\accessors-smart-1.2.jar;C:\Users\consultor_jti07\.m2\repository\org\ow2\asm\asm\5.0.4\asm-5.0.4.jar;C:\Users\consultor_jti07\.m2\repository\junit\junit\4.12\junit-4.12.jar;C:\Users\consultor_jti07\.m2\repository\org\assertj\assertj-core\3.9.1\assertj-core-3.9.1.jar;C:\Users\consultor_jti07\.m2\repository\org\mockito\mockito-core\2.15.0\mockito-core-2.15.0.jar;C:\Users\consultor_jti07\.m2\repository\net\bytebuddy\byte-buddy\1.7.11\byte-buddy-1.7.11.jar;C:\Users\consultor_jti07\.m2\repository\net\bytebuddy\byte-buddy-agent\1.7.11\byte-buddy-agent-1.7.11.jar;C:\Users\consultor_jti07\.m2\repository\org\objenesis\objenesis\2.6\objenesis-2.6.jar;C:\Users\consultor_jti07\.m2\repository\org\hamcrest\hamcrest-core\1.3\hamcrest-core-1.3.jar;C:\Users\consultor_jti07\.m2\repository\org\hamcrest\hamcrest-library\1.3\hamcrest-library-1.3.jar;C:\Users\consultor_jti07\.m2\repository\org\skyscreamer\jsonassert\1.5.0\jsonassert-1.5.0.jar;C:\Users\consultor_jti07\.m2\repository\com\vaadin\external\google\android-json\0.0.20131108.vaadin1\android-json-0.0.20131108.vaadin1.jar;C:\Users\consultor_jti07\.m2\repository\org\springframework\spring-test\5.0.6.RELEASE\spring-test-5.0.6.RELEASE.jar;C:\Users\consultor_jti07\.m2\repository\org\xmlunit\xmlunit-core\2.5.1\xmlunit-core-2.5.1.jar;C:\Users\consultor_jti07\.m2\repository\com\nulab-inc\zxcvbn\1.2.3\zxcvbn-1.2.3.jar;C:\Users\consultor_jti07\.m2\repository\org\modelmapper\modelmapper\1.1.0\modelmapper-1.1.0.jar;C:\Users\consultor_jti07\.m2\repository\com\google\code\gson\gson\2.8.5\gson-2.8.5.jar;C:\Users\consultor_jti07\.m2\repository\com\oracle\ojdbc7\12.1.0.1.0\ojdbc7-12.1.0.1.0.jar;C:\Users\consultor_jti07\.m2\repository\org\webjars\webjars-locator\0.30\webjars-locator-0.30.jar;C:\Users\consultor_jti07\.m2\repository\org\webjars\webjars-locator-core\0.35\webjars-locator-core-0.35.jar;C:\Users\consultor_jti07\.m2\repository\org\apache\commons\commons-compress\1.9\commons-compress-1.9.jar;C:\Users\consultor_jti07\.m2\repository\com\fasterxml\jackson\core\jackson-core\2.9.5\jackson-core-2.9.5.jar;C:\Users\consultor_jti07\.m2\repository\com\fasterxml\jackson\core\jackson-databind\2.9.5\jackson-databind-2.9.5.jar;C:\Users\consultor_jti07\.m2\repository\org\apache\commons\commons-lang3\3.7\commons-lang3-3.7.jar;C:\Users\consultor_jti07\.m2\repository\org\webjars\Semantic-UI\2.4.1\Semantic-UI-2.4.1.jar;C:\Users\consultor_jti07\.m2\repository\org\webjars\bootstrap\4.3.1\bootstrap-4.3.1.jar;C:\Users\consultor_jti07\.m2\repository\org\webjars\popper.js\1.14.3\popper.js-1.14.3.jar;C:\Users\consultor_jti07\.m2\repository\org\webjars\jquery\3.4.0\jquery-3.4.0.jar;C:\Users\consultor_jti07\.m2\repository\org\webjars\jquery-ui\1.9.2\jquery-ui-1.9.2.jar;C:\Users\consultor_jti07\.m2\repository\org\jsoup\jsoup\1.8.3\jsoup-1.8.3.jar;C:\Users\consultor_jti07\.m2\repository\com\h2database\h2\1.4.197\h2-1.4.197.jar;C:\Users\consultor_jti07\.m2\repository\org\xhtmlrenderer\flying-saucer-pdf-itext5\9.0.1\flying-saucer-pdf-itext5-9.0.1.jar;C:\Users\consultor_jti07\.m2\repository\com\itextpdf\itextpdf\5.3.0\itextpdf-5.3.0.jar;C:\Users\consultor_jti07\.m2\repository\org\xhtmlrenderer\flying-saucer-core\9.0.1\flying-saucer-core-9.0.1.jar;C:\Users\consultor_jti07\.m2\repository\commons-fileupload\commons-fileupload\1.2\commons-fileupload-1.2.jar;C:\Users\consultor_jti07\.m2\repository\org\json\json\20190722\json-20190722.jar;C:\Users\consultor_jti07\.m2\repository\org\xhtmlrenderer\flying-saucer-pdf\9.1.4\flying-saucer-pdf-9.1.4.jar;C:\Users\consultor_jti07\.m2\repository\com\lowagie\itext\2.1.7\itext-2.1.7.jar;C:\Users\consultor_jti07\.m2\repository\org\bouncycastle\bcmail-jdk14\1.38\bcmail-jdk14-1.38.jar;C:\Users\consultor_jti07\.m2\repository\org\bouncycastle\bctsp-jdk14\1.38\bctsp-jdk14-1.38.jar;C:\Users\consultor_jti07\.m2\repository\org\bouncycastle\bcprov-jdk14\1.38\bcprov-jdk14-1.38.jar;C:\Users\consultor_jti07\.m2\repository\org\springframework\boot\spring-boot-devtools\2.0.2.RELEASE\spring-boot-devtools-2.0.2.RELEASE.jar;C:\Users\consultor_jti07\.m2\repository\org\springframework\boot\spring-boot\2.0.2.RELEASE\spring-boot-2.0.2.RELEASE.jar;C:\Users\consultor_jti07\.m2\repository\org\springframework\boot\spring-boot-autoconfigure\2.0.2.RELEASE\spring-boot-autoconfigure-2.0.2.RELEASE.jar;C:\Users\consultor_jti07\.m2\repository\org\mybatis\spring\boot\mybatis-spring-boot-starter\2.1.1\mybatis-spring-boot-starter-2.1.1.jar;C:\Users\consultor_jti07\.m2\repository\org\mybatis\spring\boot\mybatis-spring-boot-autoconfigure\2.1.1\mybatis-spring-boot-autoconfigure-2.1.1.jar;C:\Users\consultor_jti07\.m2\repository\org\mybatis\mybatis\3.5.3\mybatis-3.5.3.jar;C:\Users\consultor_jti07\.m2\repository\org\mybatis\mybatis-spring\2.0.2\mybatis-spring-2.0.2.jar;C:\Users\consultor_jti07\.m2\repository\commons-codec\commons-codec\1.11\commons-codec-1.11.jar;C:\Users\consultor_jti07\.m2\repository\commons-pool\commons-pool\1.6\commons-pool-1.6.jar;, user.name=consultor_jti07, java.vm.specification.version=1.8, sun.java.command=C:\Users\CONSUL~1\AppData\Local\Temp\surefire5900079864766775163\surefirebooter6734637683200468356.jar C:\Users\consultor_jti07\AppData\Local\Temp\surefire5900079864766775163 2020-02-13T15-03-59_051-jvmRun1 surefire1714059257762901158tmp surefire_02466134495547901402tmp, java.home=T:\jdk1.8.0_51\jre, sun.arch.data.model=64, user.language=es, java.specification.vendor=Oracle Corporation, awt.toolkit=sun.awt.windows.WToolkit, java.vm.info=mixed mode, java.version=1.8.0_51, java.ext.dirs=T:\jdk1.8.0_51\jre\lib\ext;C:\WINDOWS\Sun\Java\lib\ext, sun.boot.class.path=T:\jdk1.8.0_51\jre\lib\resources.jar;T:\jdk1.8.0_51\jre\lib\rt.jar;T:\jdk1.8.0_51\jre\lib\sunrsasign.jar;T:\jdk1.8.0_51\jre\lib\jsse.jar;T:\jdk1.8.0_51\jre\lib\jce.jar;T:\jdk1.8.0_51\jre\lib\charsets.jar;T:\jdk1.8.0_51\jre\lib\jfr.jar;T:\jdk1.8.0_51\jre\classes, java.vendor=Oracle Corporation, localRepository=C:\Users\consultor_jti07\.m2\repository, file.separator=\, java.vendor.url.bug=http://bugreport.sun.com/bugreport/, sun.io.unicode.encoding=UnicodeLittle, sun.cpu.endian=little, sun.desktop=windows, sun.cpu.isalist=amd64}}, SystemEnvironmentPropertySource@436546048 {name='systemEnvironment', properties={PATH=T:\jdk1.8.0_51\jre\bin;C:\Program Files (x86)\Intel\iCLS Client\;C:\Program Files (x86)\Common Files\Oracle\Java\javapath;C:\Program Files\Intel\iCLS Client\;C:\WINDOWS\system32;C:\WINDOWS;C:\WINDOWS\System32\Wbem;C:\WINDOWS\System32\WindowsPowerShell\v1.0\;C:\Program Files\TortoiseSVN\bin;C:\apache-maven-3.3.9\bin;C:\Program Files\PuTTY\;C:\WINDOWS\System32\OpenSSH\;C:\Program Files\Intel\WiFi\bin\;C:\Program Files\Java\jdk1.7.0_55\bin;C:\xampp\php;C:\Program Files\Common Files\Intel\WirelessCommon\;C:\oraclexe\app\oracle\product\10.2.0\server\bin;XE;C:\Program Files\Git\cmd;T:\jdk1.8.0_51\\bin;C:\Program Files (x86)\Intel\Intel(R) Management Engine Components\DAL;C:\Program Files\Intel\Intel(R) Management Engine Components\DAL;C:\Program Files (x86)\Intel\Intel(R) Management Engine Components\IPT;C:\Program Files\Intel\Intel(R) Management Engine Components\IPT;C:\Users\consultor_jti07\AppData\Local\Microsoft\WindowsApps;C:\Users\consultor_jti07\AppData\Local\GitHubDesktop\bin;C:\Users\consultor_jti07\AppData\Local\Programs\Microsoft VS Code\bin, USERDOMAIN_ROAMINGPROFILE=OSITRANORG, PROCESSOR_LEVEL=6, SYSTEMDRIVE=C:, SESSIONNAME=Console, ALLUSERSPROFILE=C:\ProgramData, PROCESSOR_ARCHITECTURE=AMD64, DRIVERDATA=C:\Windows\System32\Drivers\DriverData, PROGRAMFILES=C:\Program Files, PSMODULEPATH=C:\Program Files\WindowsPowerShell\Modules;C:\WINDOWS\system32\WindowsPowerShell\v1.0\Modules, PROGRAMDATA=C:\ProgramData, USERNAME=consultor_jti07, USERDNSDOMAIN=OSITRANORG.GOB.PE, FPS_BROWSER_USER_PROFILE_STRING=Default, ONEDRIVE=C:\Users\consultor_jti07\OneDrive - OSITRAN, CONFIGSETROOT=C:\WINDOWS\ConfigSetRoot, PATHEXT=.COM;.EXE;.BAT;.CMD;.VBS;.VBE;.JS;.JSE;.WSF;.WSH;.MSC, WINDIR=C:\WINDOWS, HOMEPATH=\Users\consultor_jti07, PROCESSOR_IDENTIFIER=Intel64 Family 6 Model 158 Stepping 9, GenuineIntel, M2_HOME=C:\apache-maven-3.3.9, PUBLIC=C:\Users\Public, ORACLE_SID=XE, LOCALAPPDATA=C:\Users\consultor_jti07\AppData\Local, COMMONPROGRAMFILES(X86)=C:\Program Files (x86)\Common Files, USERDOMAIN=OSITRANORG, FPS_BROWSER_APP_PROFILE_STRING=Internet Explorer, LOGONSERVER=\\OSIDC02, JAVA_HOME=T:\jdk1.8.0_51\, PROMPT=$P$G, PROGRAMFILES(X86)=C:\Program Files (x86), APPDATA=C:\Users\consultor_jti07\AppData\Roaming, PROGRAMW6432=C:\Program Files, SYSTEMROOT=C:\WINDOWS, ORACLE_HOME=C:\oraclexe\app\oracle\product\10.2.0\server, VBOX_MSI_INSTALL_PATH=C:\Program Files\Oracle\VirtualBox\, =T:=T:\INFORME_RETRIBUCION\RETRI\spring-mvc-thymeleaf-crud-master\pySIRET, OS=Windows_NT, ONEDRIVECOMMERCIAL=C:\Users\consultor_jti07\OneDrive - OSITRAN, COMMONPROGRAMW6432=C:\Program Files\Common Files, COMPUTERNAME=CONSULTOR_JTI07, COMMONPROGRAMFILES=C:\Program Files\Common Files, COMSPEC=C:\WINDOWS\system32\cmd.exe, PROCESSOR_REVISION=9e09, TEMP=C:\Users\CONSUL~1\AppData\Local\Temp, HOMEDRIVE=C:, USERPROFILE=C:\Users\consultor_jti07, TMP=C:\Users\CONSUL~1\AppData\Local\Temp, NUMBER_OF_PROCESSORS=8}}]
15:04:04.538 [main] DEBUG org.springframework.core.io.support.PathMatchingResourcePatternResolver - Resolved classpath location [com/example/springmvc/] to resources [URL [file:/T:/INFORME_RETRIBUCION/RETRI/spring-mvc-thymeleaf-crud-master/pySIRET/target/test-classes/com/example/springmvc/]]
15:04:04.538 [main] DEBUG org.springframework.core.io.support.PathMatchingResourcePatternResolver - Looking for matching resources in directory tree [T:\INFORME_RETRIBUCION\RETRI\spring-mvc-thymeleaf-crud-master\pySIRET\target\test-classes\com\example\springmvc]
15:04:04.539 [main] DEBUG org.springframework.core.io.support.PathMatchingResourcePatternResolver - Searching directory [T:\INFORME_RETRIBUCION\RETRI\spring-mvc-thymeleaf-crud-master\pySIRET\target\test-classes\com\example\springmvc] for files matching pattern [T:/INFORME_RETRIBUCION/RETRI/spring-mvc-thymeleaf-crud-master/pySIRET/target/test-classes/com/example/springmvc/*.class]
15:04:04.544 [main] DEBUG org.springframework.core.io.support.PathMatchingResourcePatternResolver - Resolved location pattern [classpath*:com/example/springmvc/*.class] to resources [file [T:\INFORME_RETRIBUCION\RETRI\spring-mvc-thymeleaf-crud-master\pySIRET\target\test-classes\com\example\springmvc\SpringmvcApplicationTests.class]]
15:04:04.624 [main] DEBUG org.springframework.core.io.support.PathMatchingResourcePatternResolver - Resolved classpath location [com/example/] to resources [URL [file:/T:/INFORME_RETRIBUCION/RETRI/spring-mvc-thymeleaf-crud-master/pySIRET/target/test-classes/com/example/]]
15:04:04.624 [main] DEBUG org.springframework.core.io.support.PathMatchingResourcePatternResolver - Looking for matching resources in directory tree [T:\INFORME_RETRIBUCION\RETRI\spring-mvc-thymeleaf-crud-master\pySIRET\target\test-classes\com\example]
15:04:04.625 [main] DEBUG org.springframework.core.io.support.PathMatchingResourcePatternResolver - Searching directory [T:\INFORME_RETRIBUCION\RETRI\spring-mvc-thymeleaf-crud-master\pySIRET\target\test-classes\com\example] for files matching pattern [T:/INFORME_RETRIBUCION/RETRI/spring-mvc-thymeleaf-crud-master/pySIRET/target/test-classes/com/example/*.class]
15:04:04.625 [main] DEBUG org.springframework.core.io.support.PathMatchingResourcePatternResolver - Resolved location pattern [classpath*:com/example/*.class] to resources []
15:04:04.627 [main] DEBUG org.springframework.core.io.support.PathMatchingResourcePatternResolver - Resolved classpath location [com/] to resources [URL [file:/T:/INFORME_RETRIBUCION/RETRI/spring-mvc-thymeleaf-crud-master/pySIRET/target/test-classes/com/], URL [file:/T:/INFORME_RETRIBUCION/RETRI/spring-mvc-thymeleaf-crud-master/pySIRET/target/classes/com/], URL [jar:file:/C:/Users/consultor_jti07/.m2/repository/com/fasterxml/jackson/datatype/jackson-datatype-jdk8/2.9.5/jackson-datatype-jdk8-2.9.5.jar!/com/], URL [jar:file:/C:/Users/consultor_jti07/.m2/repository/com/fasterxml/jackson/datatype/jackson-datatype-jsr310/2.9.5/jackson-datatype-jsr310-2.9.5.jar!/com/], URL [jar:file:/C:/Users/consultor_jti07/.m2/repository/com/fasterxml/jackson/module/jackson-module-parameter-names/2.9.5/jackson-module-parameter-names-2.9.5.jar!/com/], URL [jar:file:/C:/Users/consultor_jti07/.m2/repository/com/fasterxml/jackson/core/jackson-annotations/2.9.0/jackson-annotations-2.9.0.jar!/com/], URL [jar:file:/C:/Users/consultor_jti07/.m2/repository/com/zaxxer/HikariCP/2.7.9/HikariCP-2.7.9.jar!/com/], URL [jar:file:/C:/Users/consultor_jti07/.m2/repository/com/fasterxml/classmate/1.3.4/classmate-1.3.4.jar!/com/], URL [jar:file:/C:/Users/consultor_jti07/.m2/repository/org/projectlombok/lombok/1.18.0/lombok-1.18.0.jar!/com/], URL [jar:file:/C:/Users/consultor_jti07/.m2/repository/com/sun/mail/javax.mail/1.6.1/javax.mail-1.6.1.jar!/com/], URL [jar:file:/C:/Users/consultor_jti07/.m2/repository/javax/activation/activation/1.1/activation-1.1.jar!/com/], URL [jar:file:/C:/Users/consultor_jti07/.m2/repository/com/jayway/jsonpath/json-path/2.4.0/json-path-2.4.0.jar!/com/], URL [jar:file:/C:/Users/consultor_jti07/.m2/repository/com/nulab-inc/zxcvbn/1.2.3/zxcvbn-1.2.3.jar!/com/], URL [jar:file:/C:/Users/consultor_jti07/.m2/repository/com/google/code/gson/gson/2.8.5/gson-2.8.5.jar!/com/], URL [jar:file:/C:/Users/consultor_jti07/.m2/repository/com/fasterxml/jackson/core/jackson-core/2.9.5/jackson-core-2.9.5.jar!/com/], URL [jar:file:/C:/Users/consultor_jti07/.m2/repository/com/fasterxml/jackson/core/jackson-databind/2.9.5/jackson-databind-2.9.5.jar!/com/], URL [jar:file:/C:/Users/consultor_jti07/.m2/repository/com/itextpdf/itextpdf/5.3.0/itextpdf-5.3.0.jar!/com/], URL [jar:file:/C:/Users/consultor_jti07/.m2/repository/com/lowagie/itext/2.1.7/itext-2.1.7.jar!/com/]]
15:04:04.628 [main] DEBUG org.springframework.core.io.support.PathMatchingResourcePatternResolver - Looking for matching resources in directory tree [T:\INFORME_RETRIBUCION\RETRI\spring-mvc-thymeleaf-crud-master\pySIRET\target\test-classes\com]
15:04:04.629 [main] DEBUG org.springframework.core.io.support.PathMatchingResourcePatternResolver - Searching directory [T:\INFORME_RETRIBUCION\RETRI\spring-mvc-thymeleaf-crud-master\pySIRET\target\test-classes\com] for files matching pattern [T:/INFORME_RETRIBUCION/RETRI/spring-mvc-thymeleaf-crud-master/pySIRET/target/test-classes/com/*.class]
15:04:04.629 [main] DEBUG org.springframework.core.io.support.PathMatchingResourcePatternResolver - Looking for matching resources in directory tree [T:\INFORME_RETRIBUCION\RETRI\spring-mvc-thymeleaf-crud-master\pySIRET\target\classes\com]
15:04:04.629 [main] DEBUG org.springframework.core.io.support.PathMatchingResourcePatternResolver - Searching directory [T:\INFORME_RETRIBUCION\RETRI\spring-mvc-thymeleaf-crud-master\pySIRET\target\classes\com] for files matching pattern [T:/INFORME_RETRIBUCION/RETRI/spring-mvc-thymeleaf-crud-master/pySIRET/target/classes/com/*.class]
15:04:04.630 [main] DEBUG org.springframework.core.io.support.PathMatchingResourcePatternResolver - Looking for matching resources in jar file [file:/C:/Users/consultor_jti07/.m2/repository/com/fasterxml/jackson/datatype/jackson-datatype-jdk8/2.9.5/jackson-datatype-jdk8-2.9.5.jar]
15:04:04.631 [main] DEBUG org.springframework.core.io.support.PathMatchingResourcePatternResolver - Looking for matching resources in jar file [file:/C:/Users/consultor_jti07/.m2/repository/com/fasterxml/jackson/datatype/jackson-datatype-jsr310/2.9.5/jackson-datatype-jsr310-2.9.5.jar]
15:04:04.634 [main] DEBUG org.springframework.core.io.support.PathMatchingResourcePatternResolver - Looking for matching resources in jar file [file:/C:/Users/consultor_jti07/.m2/repository/com/fasterxml/jackson/module/jackson-module-parameter-names/2.9.5/jackson-module-parameter-names-2.9.5.jar]
15:04:04.634 [main] DEBUG org.springframework.core.io.support.PathMatchingResourcePatternResolver - Looking for matching resources in jar file [file:/C:/Users/consultor_jti07/.m2/repository/com/fasterxml/jackson/core/jackson-annotations/2.9.0/jackson-annotations-2.9.0.jar]
15:04:04.637 [main] DEBUG org.springframework.core.io.support.PathMatchingResourcePatternResolver - Looking for matching resources in jar file [file:/C:/Users/consultor_jti07/.m2/repository/com/zaxxer/HikariCP/2.7.9/HikariCP-2.7.9.jar]
15:04:04.639 [main] DEBUG org.springframework.core.io.support.PathMatchingResourcePatternResolver - Looking for matching resources in jar file [file:/C:/Users/consultor_jti07/.m2/repository/com/fasterxml/classmate/1.3.4/classmate-1.3.4.jar]
15:04:04.640 [main] DEBUG org.springframework.core.io.support.PathMatchingResourcePatternResolver - Looking for matching resources in jar file [file:/C:/Users/consultor_jti07/.m2/repository/org/projectlombok/lombok/1.18.0/lombok-1.18.0.jar]
15:04:04.652 [main] DEBUG org.springframework.core.io.support.PathMatchingResourcePatternResolver - Looking for matching resources in jar file [file:/C:/Users/consultor_jti07/.m2/repository/com/sun/mail/javax.mail/1.6.1/javax.mail-1.6.1.jar]
15:04:04.657 [main] DEBUG org.springframework.core.io.support.PathMatchingResourcePatternResolver - Looking for matching resources in jar file [file:/C:/Users/consultor_jti07/.m2/repository/javax/activation/activation/1.1/activation-1.1.jar]
15:04:04.658 [main] DEBUG org.springframework.core.io.support.PathMatchingResourcePatternResolver - Looking for matching resources in jar file [file:/C:/Users/consultor_jti07/.m2/repository/com/jayway/jsonpath/json-path/2.4.0/json-path-2.4.0.jar]
15:04:04.661 [main] DEBUG org.springframework.core.io.support.PathMatchingResourcePatternResolver - Looking for matching resources in jar file [file:/C:/Users/consultor_jti07/.m2/repository/com/nulab-inc/zxcvbn/1.2.3/zxcvbn-1.2.3.jar]
15:04:04.662 [main] DEBUG org.springframework.core.io.support.PathMatchingResourcePatternResolver - Looking for matching resources in jar file [file:/C:/Users/consultor_jti07/.m2/repository/com/google/code/gson/gson/2.8.5/gson-2.8.5.jar]
15:04:04.664 [main] DEBUG org.springframework.core.io.support.PathMatchingResourcePatternResolver - Looking for matching resources in jar file [file:/C:/Users/consultor_jti07/.m2/repository/com/fasterxml/jackson/core/jackson-core/2.9.5/jackson-core-2.9.5.jar]
15:04:04.666 [main] DEBUG org.springframework.core.io.support.PathMatchingResourcePatternResolver - Looking for matching resources in jar file [file:/C:/Users/consultor_jti07/.m2/repository/com/fasterxml/jackson/core/jackson-databind/2.9.5/jackson-databind-2.9.5.jar]
15:04:04.671 [main] DEBUG org.springframework.core.io.support.PathMatchingResourcePatternResolver - Looking for matching resources in jar file [file:/C:/Users/consultor_jti07/.m2/repository/com/itextpdf/itextpdf/5.3.0/itextpdf-5.3.0.jar]
15:04:04.683 [main] DEBUG org.springframework.core.io.support.PathMatchingResourcePatternResolver - Looking for matching resources in jar file [file:/C:/Users/consultor_jti07/.m2/repository/com/lowagie/itext/2.1.7/itext-2.1.7.jar]
15:04:04.687 [main] DEBUG org.springframework.core.io.support.PathMatchingResourcePatternResolver - Resolved location pattern [classpath*:com/*.class] to resources []
]]></system-out>
  </testcase>
</testsuite>